[      74ms] [WARNING] Ignoring Event: localhost @ https://plausible.teknikal.id/js/script.js:0
[      97ms] [ERROR] Failed to load resource: the server responded with a status of 401 (Unauthorized) @ http://localhost:3000/api/admin/status:0
[     105ms] [ERROR] Failed to load resource: the server responded with a status of 401 (Unauthorized) @ http://localhost:3000/api/admin/status:0
[     118ms] [ERROR] TypeError: Cannot read properties of undefined (reading 'status')
    at p (http://localhost:3000/_next/static/chunks/app/admin/page-34b032f877e86575.js:1:851)
    at aw (http://localhost:3000/_next/static/chunks/4bd1b696-e356ca5ba0218e27.js:1:53376)
    at o1 (http://localhost:3000/_next/static/chunks/4bd1b696-e356ca5ba0218e27.js:1:73812)
    at id (http://localhost:3000/_next/static/chunks/4bd1b696-e356ca5ba0218e27.js:1:85414)
    at sh (http://localhost:3000/_next/static/chunks/4bd1b696-e356ca5ba0218e27.js:1:128654)
    at http://localhost:3000/_next/static/chunks/4bd1b696-e356ca5ba0218e27.js:1:128499
    at sm (http://localhost:3000/_next/static/chunks/4bd1b696-e356ca5ba0218e27.js:1:128507)
    at sr (http://localhost:3000/_next/static/chunks/4bd1b696-e356ca5ba0218e27.js:1:124428)
    at sY (http://localhost:3000/_next/static/chunks/4bd1b696-e356ca5ba0218e27.js:1:150332)
    at sj (http://localhost:3000/_next/static/chunks/4bd1b696-e356ca5ba0218e27.js:1:148545) @ http://localhost:3000/_next/static/chunks/3794-ba2500baa4c52d55.js:0
[   61558ms] [ERROR] TypeError: Cannot read properties of undefined (reading 'status')
    at p (http://localhost:3000/_next/static/chunks/app/admin/page-34b032f877e86575.js:1:851)
    at aw (http://localhost:3000/_next/static/chunks/4bd1b696-e356ca5ba0218e27.js:1:53376)
    at o1 (http://localhost:3000/_next/static/chunks/4bd1b696-e356ca5ba0218e27.js:1:73812)
    at id (http://localhost:3000/_next/static/chunks/4bd1b696-e356ca5ba0218e27.js:1:85414)
    at sh (http://localhost:3000/_next/static/chunks/4bd1b696-e356ca5ba0218e27.js:1:128654)
    at http://localhost:3000/_next/static/chunks/4bd1b696-e356ca5ba0218e27.js:1:128499
    at sm (http://localhost:3000/_next/static/chunks/4bd1b696-e356ca5ba0218e27.js:1:128507)
    at sr (http://localhost:3000/_next/static/chunks/4bd1b696-e356ca5ba0218e27.js:1:124428)
    at sY (http://localhost:3000/_next/static/chunks/4bd1b696-e356ca5ba0218e27.js:1:150332)
    at sj (http://localhost:3000/_next/static/chunks/4bd1b696-e356ca5ba0218e27.js:1:148545) @ http://localhost:3000/_next/static/chunks/3794-ba2500baa4c52d55.js:0
[   97862ms] [WARNING] Ignoring Event: localhost @ https://plausible.teknikal.id/js/script.js:0
[   97901ms] [ERROR] Failed to load resource: the server responded with a status of 401 (Unauthorized) @ http://localhost:3000/api/admin/status:0
[   97965ms] [ERROR] Failed to load resource: the server responded with a status of 401 (Unauthorized) @ http://localhost:3000/api/admin/status:0
[   97978ms] [ERROR] TypeError: Cannot read properties of undefined (reading 'status')
    at p (http://localhost:3000/_next/static/chunks/app/admin/page-34b032f877e86575.js:1:851)
    at aw (http://localhost:3000/_next/static/chunks/4bd1b696-e356ca5ba0218e27.js:1:53376)
    at o1 (http://localhost:3000/_next/static/chunks/4bd1b696-e356ca5ba0218e27.js:1:73812)
    at id (http://localhost:3000/_next/static/chunks/4bd1b696-e356ca5ba0218e27.js:1:85414)
    at sh (http://localhost:3000/_next/static/chunks/4bd1b696-e356ca5ba0218e27.js:1:128654)
    at http://localhost:3000/_next/static/chunks/4bd1b696-e356ca5ba0218e27.js:1:128499
    at sm (http://localhost:3000/_next/static/chunks/4bd1b696-e356ca5ba0218e27.js:1:128507)
    at sr (http://localhost:3000/_next/static/chunks/4bd1b696-e356ca5ba0218e27.js:1:124428)
    at sY (http://localhost:3000/_next/static/chunks/4bd1b696-e356ca5ba0218e27.js:1:150332)
    at sj (http://localhost:3000/_next/static/chunks/4bd1b696-e356ca5ba0218e27.js:1:148545) @ http://localhost:3000/_next/static/chunks/3794-ba2500baa4c52d55.js:0
[   98807ms] [WARNING] Ignoring Event: localhost @ https://plausible.teknikal.id/js/script.js:0
[   98827ms] [ERROR] Failed to load resource: the server responded with a status of 401 (Unauthorized) @ http://localhost:3000/api/admin/status:0
[   98837ms] [ERROR] Failed to load resource: the server responded with a status of 401 (Unauthorized) @ http://localhost:3000/api/admin/status:0
[   98849ms] [ERROR] TypeError: Cannot read properties of undefined (reading 'status')
    at p (http://localhost:3000/_next/static/chunks/app/admin/page-34b032f877e86575.js:1:851)
    at aw (http://localhost:3000/_next/static/chunks/4bd1b696-e356ca5ba0218e27.js:1:53376)
    at o1 (http://localhost:3000/_next/static/chunks/4bd1b696-e356ca5ba0218e27.js:1:73812)
    at id (http://localhost:3000/_next/static/chunks/4bd1b696-e356ca5ba0218e27.js:1:85414)
    at sh (http://localhost:3000/_next/static/chunks/4bd1b696-e356ca5ba0218e27.js:1:128654)
    at http://localhost:3000/_next/static/chunks/4bd1b696-e356ca5ba0218e27.js:1:128499
    at sm (http://localhost:3000/_next/static/chunks/4bd1b696-e356ca5ba0218e27.js:1:128507)
    at sr (http://localhost:3000/_next/static/chunks/4bd1b696-e356ca5ba0218e27.js:1:124428)
    at sY (http://localhost:3000/_next/static/chunks/4bd1b696-e356ca5ba0218e27.js:1:150332)
    at sj (http://localhost:3000/_next/static/chunks/4bd1b696-e356ca5ba0218e27.js:1:148545) @ http://localhost:3000/_next/static/chunks/3794-ba2500baa4c52d55.js:0
[  112818ms] [WARNING] Ignoring Event: localhost @ https://plausible.teknikal.id/js/script.js:0
[  112880ms] [ERROR] Failed to load resource: the server responded with a status of 401 (Unauthorized) @ http://localhost:3000/api/admin/status:0
[  112899ms] [ERROR] Failed to load resource: the server responded with a status of 401 (Unauthorized) @ http://localhost:3000/api/admin/status:0
[  112912ms] [ERROR] TypeError: Cannot read properties of undefined (reading 'status')
    at p (http://localhost:3000/_next/static/chunks/app/admin/page-34b032f877e86575.js:1:851)
    at aw (http://localhost:3000/_next/static/chunks/4bd1b696-e356ca5ba0218e27.js:1:53376)
    at o1 (http://localhost:3000/_next/static/chunks/4bd1b696-e356ca5ba0218e27.js:1:73812)
    at id (http://localhost:3000/_next/static/chunks/4bd1b696-e356ca5ba0218e27.js:1:85414)
    at sh (http://localhost:3000/_next/static/chunks/4bd1b696-e356ca5ba0218e27.js:1:128654)
    at http://localhost:3000/_next/static/chunks/4bd1b696-e356ca5ba0218e27.js:1:128499
    at sm (http://localhost:3000/_next/static/chunks/4bd1b696-e356ca5ba0218e27.js:1:128507)
    at sr (http://localhost:3000/_next/static/chunks/4bd1b696-e356ca5ba0218e27.js:1:124428)
    at sY (http://localhost:3000/_next/static/chunks/4bd1b696-e356ca5ba0218e27.js:1:150332)
    at sj (http://localhost:3000/_next/static/chunks/4bd1b696-e356ca5ba0218e27.js:1:148545) @ http://localhost:3000/_next/static/chunks/3794-ba2500baa4c52d55.js:0
[  113804ms] [WARNING] Ignoring Event: localhost @ https://plausible.teknikal.id/js/script.js:0
[  113838ms] [ERROR] Failed to load resource: the server responded with a status of 401 (Unauthorized) @ http://localhost:3000/api/admin/status:0
[  113857ms] [ERROR] Failed to load resource: the server responded with a status of 401 (Unauthorized) @ http://localhost:3000/api/admin/status:0
[  113871ms] [ERROR] TypeError: Cannot read properties of undefined (reading 'status')
    at p (http://localhost:3000/_next/static/chunks/app/admin/page-34b032f877e86575.js:1:851)
    at aw (http://localhost:3000/_next/static/chunks/4bd1b696-e356ca5ba0218e27.js:1:53376)
    at o1 (http://localhost:3000/_next/static/chunks/4bd1b696-e356ca5ba0218e27.js:1:73812)
    at id (http://localhost:3000/_next/static/chunks/4bd1b696-e356ca5ba0218e27.js:1:85414)
    at sh (http://localhost:3000/_next/static/chunks/4bd1b696-e356ca5ba0218e27.js:1:128654)
    at http://localhost:3000/_next/static/chunks/4bd1b696-e356ca5ba0218e27.js:1:128499
    at sm (http://localhost:3000/_next/static/chunks/4bd1b696-e356ca5ba0218e27.js:1:128507)
    at sr (http://localhost:3000/_next/static/chunks/4bd1b696-e356ca5ba0218e27.js:1:124428)
    at sY (http://localhost:3000/_next/static/chunks/4bd1b696-e356ca5ba0218e27.js:1:150332)
    at sj (http://localhost:3000/_next/static/chunks/4bd1b696-e356ca5ba0218e27.js:1:148545) @ http://localhost:3000/_next/static/chunks/3794-ba2500baa4c52d55.js:0
[  136554ms] [WARNING] Ignoring Event: localhost @ https://plausible.teknikal.id/js/script.js:0
[  136586ms] [ERROR] Failed to load resource: the server responded with a status of 401 (Unauthorized) @ http://localhost:3000/api/admin/status:0
[  136598ms] [ERROR] Failed to load resource: the server responded with a status of 401 (Unauthorized) @ http://localhost:3000/api/admin/status:0
[  136611ms] [ERROR] TypeError: Cannot read properties of undefined (reading 'status')
    at p (http://localhost:3000/_next/static/chunks/app/admin/page-34b032f877e86575.js:1:851)
    at aw (http://localhost:3000/_next/static/chunks/4bd1b696-e356ca5ba0218e27.js:1:53376)
    at o1 (http://localhost:3000/_next/static/chunks/4bd1b696-e356ca5ba0218e27.js:1:73812)
    at id (http://localhost:3000/_next/static/chunks/4bd1b696-e356ca5ba0218e27.js:1:85414)
    at sh (http://localhost:3000/_next/static/chunks/4bd1b696-e356ca5ba0218e27.js:1:128654)
    at http://localhost:3000/_next/static/chunks/4bd1b696-e356ca5ba0218e27.js:1:128499
    at sm (http://localhost:3000/_next/static/chunks/4bd1b696-e356ca5ba0218e27.js:1:128507)
    at sr (http://localhost:3000/_next/static/chunks/4bd1b696-e356ca5ba0218e27.js:1:124428)
    at sY (http://localhost:3000/_next/static/chunks/4bd1b696-e356ca5ba0218e27.js:1:150332)
    at sj (http://localhost:3000/_next/static/chunks/4bd1b696-e356ca5ba0218e27.js:1:148545) @ http://localhost:3000/_next/static/chunks/3794-ba2500baa4c52d55.js:0
[  194891ms] [WARNING] Ignoring Event: localhost @ https://plausible.teknikal.id/js/script.js:0
[  194966ms] [ERROR] Failed to load resource: the server responded with a status of 401 (Unauthorized) @ http://localhost:3000/api/admin/status:0
[  195000ms] [ERROR] Failed to load resource: the server responded with a status of 401 (Unauthorized) @ http://localhost:3000/api/admin/status:0
[  195015ms] [ERROR] TypeError: Cannot read properties of undefined (reading 'status')
    at p (http://localhost:3000/_next/static/chunks/app/admin/page-34b032f877e86575.js:1:851)
    at aw (http://localhost:3000/_next/static/chunks/4bd1b696-e356ca5ba0218e27.js:1:53376)
    at o1 (http://localhost:3000/_next/static/chunks/4bd1b696-e356ca5ba0218e27.js:1:73812)
    at id (http://localhost:3000/_next/static/chunks/4bd1b696-e356ca5ba0218e27.js:1:85414)
    at sh (http://localhost:3000/_next/static/chunks/4bd1b696-e356ca5ba0218e27.js:1:128654)
    at http://localhost:3000/_next/static/chunks/4bd1b696-e356ca5ba0218e27.js:1:128499
    at sm (http://localhost:3000/_next/static/chunks/4bd1b696-e356ca5ba0218e27.js:1:128507)
    at sr (http://localhost:3000/_next/static/chunks/4bd1b696-e356ca5ba0218e27.js:1:124428)
    at sY (http://localhost:3000/_next/static/chunks/4bd1b696-e356ca5ba0218e27.js:1:150332)
    at sj (http://localhost:3000/_next/static/chunks/4bd1b696-e356ca5ba0218e27.js:1:148545) @ http://localhost:3000/_next/static/chunks/3794-ba2500baa4c52d55.js:0
