[    1173ms] [ERROR] Failed to load resource: the server responded with a status of 400 () @ https://teknikal.id/api/stocks/SIDO.JK/history?range=1m:0
[    1190ms] [ERROR] Failed to load resource: the server responded with a status of 400 () @ https://teknikal.id/api/stocks/PGAS.JK/history?range=1m:0
[    1190ms] [ERROR] Failed to load resource: the server responded with a status of 400 () @ https://teknikal.id/api/stocks/KLBF.JK/history?range=1m:0
[    1234ms] [ERROR] Failed to load resource: the server responded with a status of 400 () @ https://teknikal.id/api/stocks/UNTR.JK/history?range=1m:0
[    1240ms] [ERROR] Failed to load resource: the server responded with a status of 400 () @ https://teknikal.id/api/stocks/BRIS.JK/history?range=1m:0
[    1261ms] [ERROR] Failed to load resource: the server responded with a status of 400 () @ https://teknikal.id/api/stocks/ISAT.JK/history?range=1m:0
[    1274ms] [ERROR] Failed to load resource: the server responded with a status of 400 () @ https://teknikal.id/api/stocks/AMMN.JK/history?range=1m:0
[    1300ms] [ERROR] Failed to load resource: the server responded with a status of 400 () @ https://teknikal.id/api/stocks/PGEO.JK/history?range=1m:0
[    1300ms] [ERROR] Failed to load resource: the server responded with a status of 400 () @ https://teknikal.id/api/stocks/TOWR.JK/history?range=1m:0
[    1301ms] [WARNING] WebSocket connection to 'wss://teknikal.id/socket.io/?EIO=4&transport=websocket&sid=l72CORHiG3J2n8HgAAAA' failed: WebSocket is closed before the connection is established. @ https://teknikal.id/_next/static/chunks/69.5660d4934204ffc2.js:0
[    1312ms] [ERROR] Failed to load resource: the server responded with a status of 400 () @ https://teknikal.id/api/stocks/JPFA.JK/history?range=1m:0
[    1412ms] [ERROR] Failed to load resource: the server responded with a status of 400 () @ https://teknikal.id/socket.io/?EIO=4&transport=polling&t=s9lehs9d&sid=l72CORHiG3J2n8HgAAAA:0
[    2281ms] [ERROR] Failed to load resource: the server responded with a status of 400 () @ https://teknikal.id/api/stocks/SIDO.JK/history?range=1m:0
[    2292ms] [ERROR] Failed to load resource: the server responded with a status of 400 () @ https://teknikal.id/api/stocks/PGAS.JK/history?range=1m:0
[    2337ms] [ERROR] Failed to load resource: the server responded with a status of 400 () @ https://teknikal.id/api/stocks/UNTR.JK/history?range=1m:0
[    2346ms] [ERROR] Failed to load resource: the server responded with a status of 400 () @ https://teknikal.id/api/stocks/BRIS.JK/history?range=1m:0
[    2379ms] [ERROR] Failed to load resource: the server responded with a status of 400 () @ https://teknikal.id/api/stocks/AMMN.JK/history?range=1m:0
[    2381ms] [ERROR] Failed to load resource: the server responded with a status of 400 () @ https://teknikal.id/api/stocks/KLBF.JK/history?range=1m:0
[    2398ms] [ERROR] Failed to load resource: the server responded with a status of 400 () @ https://teknikal.id/api/stocks/PGEO.JK/history?range=1m:0
[    2402ms] [ERROR] Failed to load resource: the server responded with a status of 400 () @ https://teknikal.id/api/stocks/TOWR.JK/history?range=1m:0
[    2406ms] [ERROR] Failed to load resource: the server responded with a status of 400 () @ https://teknikal.id/api/stocks/JPFA.JK/history?range=1m:0
[    2443ms] [ERROR] Failed to load resource: the server responded with a status of 400 () @ https://teknikal.id/api/stocks/ISAT.JK/history?range=1m:0
[    4394ms] [ERROR] Failed to load resource: the server responded with a status of 400 () @ https://teknikal.id/api/stocks/SIDO.JK/history?range=1m:0
[    4398ms] [ERROR] Failed to load resource: the server responded with a status of 400 () @ https://teknikal.id/api/stocks/PGAS.JK/history?range=1m:0
[    4442ms] [ERROR] Failed to load resource: the server responded with a status of 400 () @ https://teknikal.id/api/stocks/UNTR.JK/history?range=1m:0
[    4452ms] [ERROR] Failed to load resource: the server responded with a status of 400 () @ https://teknikal.id/api/stocks/BRIS.JK/history?range=1m:0
[    4485ms] [ERROR] Failed to load resource: the server responded with a status of 400 () @ https://teknikal.id/api/stocks/KLBF.JK/history?range=1m:0
[    4502ms] [ERROR] Failed to load resource: the server responded with a status of 400 () @ https://teknikal.id/api/stocks/PGEO.JK/history?range=1m:0
[    4511ms] [ERROR] Failed to load resource: the server responded with a status of 400 () @ https://teknikal.id/api/stocks/JPFA.JK/history?range=1m:0
[    4550ms] [ERROR] Failed to load resource: the server responded with a status of 400 () @ https://teknikal.id/api/stocks/ISAT.JK/history?range=1m:0
[    4551ms] [ERROR] Failed to load resource: the server responded with a status of 400 () @ https://teknikal.id/api/stocks/AMMN.JK/history?range=1m:0
[    4579ms] [ERROR] Failed to load resource: the server responded with a status of 400 () @ https://teknikal.id/api/stocks/TOWR.JK/history?range=1m:0
[    8503ms] [ERROR] Failed to load resource: the server responded with a status of 400 () @ https://teknikal.id/api/stocks/SIDO.JK/history?range=1m:0
[    8545ms] [ERROR] Failed to load resource: the server responded with a status of 400 () @ https://teknikal.id/api/stocks/UNTR.JK/history?range=1m:0
[    8559ms] [ERROR] Failed to load resource: the server responded with a status of 400 () @ https://teknikal.id/api/stocks/BRIS.JK/history?range=1m:0
[    8589ms] [ERROR] Failed to load resource: the server responded with a status of 400 () @ https://teknikal.id/api/stocks/KLBF.JK/history?range=1m:0
[    8607ms] [ERROR] Failed to load resource: the server responded with a status of 400 () @ https://teknikal.id/api/stocks/PGEO.JK/history?range=1m:0
[    8619ms] [ERROR] Failed to load resource: the server responded with a status of 400 () @ https://teknikal.id/api/stocks/JPFA.JK/history?range=1m:0
[    8645ms] [ERROR] Failed to load resource: the server responded with a status of 400 () @ https://teknikal.id/api/stocks/ISAT.JK/history?range=1m:0
[    8654ms] [ERROR] Failed to load resource: the server responded with a status of 400 () @ https://teknikal.id/api/stocks/AMMN.JK/history?range=1m:0
[    8677ms] [ERROR] Failed to load resource: the server responded with a status of 400 () @ https://teknikal.id/api/stocks/TOWR.JK/history?range=1m:0
[    8682ms] [ERROR] Failed to load resource: the server responded with a status of 400 () @ https://teknikal.id/api/stocks/PGAS.JK/history?range=1m:0
