[    1598ms] [ERROR] Loading the script 'https://plausible.teknikal.id/js/script.js' violates the following Content Security Policy directive: "script-src 'self' 'unsafe-inline' 'unsafe-eval'". Note that 'script-src-elem' was not explicitly set, so 'script-src' is used as a fallback. The action has been blocked. @ https://teknikal.id/:0
[    3269ms] [ERROR] Loading the script 'https://static.cloudflareinsights.com/beacon.min.js/v833ccba57c9e4d2798f2e76cebdd09a11778172276447' violates the following Content Security Policy directive: "script-src 'self' 'unsafe-inline' 'unsafe-eval'". Note that 'script-src-elem' was not explicitly set, so 'script-src' is used as a fallback. The action has been blocked. @ https://teknikal.id/:0
[    6468ms] [INFO] %cDownload the React DevTools for a better development experience: https://react.dev/link/react-devtools font-weight:bold @ https://teknikal.id/_next/static/chunks/node_modules_next_dist_115brz8._.js:2477
[    6945ms] [ERROR] WebSocket connection to 'wss://teknikal.id/_next/webpack-hmr?id=9a8ccaRgv9_XAYqoPmDD5' failed: Error during WebSocket handshake: Unexpected response code: 502 @ https://teknikal.id/_next/static/chunks/node_modules_next_dist_client_0fhqo1d._.js:13322
[    8147ms] [ERROR] WebSocket connection to 'wss://teknikal.id/_next/webpack-hmr?id=9a8ccaRgv9_XAYqoPmDD5' failed: Error during WebSocket handshake: Unexpected response code: 502 @ https://teknikal.id/_next/static/chunks/node_modules_next_dist_client_0fhqo1d._.js:13322
[   10088ms] [ERROR] WebSocket connection to 'wss://teknikal.id/_next/webpack-hmr?id=9a8ccaRgv9_XAYqoPmDD5' failed: Error during WebSocket handshake: Unexpected response code: 502 @ https://teknikal.id/_next/static/chunks/node_modules_next_dist_client_0fhqo1d._.js:13322
[   11277ms] [ERROR] WebSocket connection to 'wss://teknikal.id/_next/webpack-hmr?id=9a8ccaRgv9_XAYqoPmDD5' failed: Error during WebSocket handshake: Unexpected response code: 502 @ https://teknikal.id/_next/static/chunks/node_modules_next_dist_client_0fhqo1d._.js:13322
[   12413ms] [ERROR] WebSocket connection to 'wss://teknikal.id/_next/webpack-hmr?id=9a8ccaRgv9_XAYqoPmDD5' failed: Error during WebSocket handshake: Unexpected response code: 502 @ https://teknikal.id/_next/static/chunks/node_modules_next_dist_client_0fhqo1d._.js:13322
[   13824ms] [ERROR] WebSocket connection to 'wss://teknikal.id/_next/webpack-hmr?id=9a8ccaRgv9_XAYqoPmDD5' failed: Error during WebSocket handshake: Unexpected response code: 502 @ https://teknikal.id/_next/static/chunks/node_modules_next_dist_client_0fhqo1d._.js:13322
[   19078ms] [ERROR] WebSocket connection to 'wss://teknikal.id/_next/webpack-hmr?id=9a8ccaRgv9_XAYqoPmDD5' failed: Error during WebSocket handshake: Unexpected response code: 502 @ https://teknikal.id/_next/static/chunks/node_modules_next_dist_client_0fhqo1d._.js:13322
[   24346ms] [ERROR] WebSocket connection to 'wss://teknikal.id/_next/webpack-hmr?id=9a8ccaRgv9_XAYqoPmDD5' failed: Error during WebSocket handshake: Unexpected response code: 502 @ https://teknikal.id/_next/static/chunks/node_modules_next_dist_client_0fhqo1d._.js:13322
[   29580ms] [ERROR] WebSocket connection to 'wss://teknikal.id/_next/webpack-hmr?id=9a8ccaRgv9_XAYqoPmDD5' failed: Error during WebSocket handshake: Unexpected response code: 502 @ https://teknikal.id/_next/static/chunks/node_modules_next_dist_client_0fhqo1d._.js:13322
[   34294ms] [WARNING] The resource https://teknikal.id/_next/static/media/797e433ab948586e-s.p.09zddjkbdep5a.woff2 was preloaded using link preload but not used within a few seconds from the window's load event. Please make sure it has an appropriate `as` value and it is preloaded intentionally. @ https://teknikal.id/:0
[   34294ms] [WARNING] The resource https://teknikal.id/_next/static/media/fba5a26ea33df6a3-s.p.0eehd8tgys7nv.woff2 was preloaded using link preload but not used within a few seconds from the window's load event. Please make sure it has an appropriate `as` value and it is preloaded intentionally. @ https://teknikal.id/:0
[   34294ms] [WARNING] The resource https://teknikal.id/_next/static/media/caa3a2e1cccd8315-s.p.09~u27dqhyhd6.woff2 was preloaded using link preload but not used within a few seconds from the window's load event. Please make sure it has an appropriate `as` value and it is preloaded intentionally. @ https://teknikal.id/:0
[   35163ms] [ERROR] WebSocket connection to 'wss://teknikal.id/_next/webpack-hmr?id=9a8ccaRgv9_XAYqoPmDD5' failed: Error during WebSocket handshake: Unexpected response code: 502 @ https://teknikal.id/_next/static/chunks/node_modules_next_dist_client_0fhqo1d._.js:13322
[   40524ms] [ERROR] WebSocket connection to 'wss://teknikal.id/_next/webpack-hmr?id=9a8ccaRgv9_XAYqoPmDD5' failed: Error during WebSocket handshake: Unexpected response code: 502 @ https://teknikal.id/_next/static/chunks/node_modules_next_dist_client_0fhqo1d._.js:13322
[   45904ms] [ERROR] WebSocket connection to 'wss://teknikal.id/_next/webpack-hmr?id=9a8ccaRgv9_XAYqoPmDD5' failed: Error during WebSocket handshake: Unexpected response code: 502 @ https://teknikal.id/_next/static/chunks/node_modules_next_dist_client_0fhqo1d._.js:13322
[   51221ms] [ERROR] WebSocket connection to 'wss://teknikal.id/_next/webpack-hmr?id=9a8ccaRgv9_XAYqoPmDD5' failed: Error during WebSocket handshake: Unexpected response code: 502 @ https://teknikal.id/_next/static/chunks/node_modules_next_dist_client_0fhqo1d._.js:13322
[   51881ms] [ERROR] Loading the script 'https://plausible.teknikal.id/js/script.js' violates the following Content Security Policy directive: "script-src 'self' 'unsafe-inline' 'unsafe-eval'". Note that 'script-src-elem' was not explicitly set, so 'script-src' is used as a fallback. The action has been blocked. @ https://teknikal.id/:0
[   51955ms] [INFO] %cDownload the React DevTools for a better development experience: https://react.dev/link/react-devtools font-weight:bold @ https://teknikal.id/_next/static/chunks/node_modules_next_dist_115brz8._.js:2477
[   51997ms] [ERROR] Loading the script 'https://static.cloudflareinsights.com/beacon.min.js/v833ccba57c9e4d2798f2e76cebdd09a11778172276447' violates the following Content Security Policy directive: "script-src 'self' 'unsafe-inline' 'unsafe-eval'". Note that 'script-src-elem' was not explicitly set, so 'script-src' is used as a fallback. The action has been blocked. @ https://teknikal.id/:0
[   52967ms] [ERROR] WebSocket connection to 'wss://teknikal.id/_next/webpack-hmr?id=RX5-tRAgvGSI2SG-nbJ3d' failed: Error during WebSocket handshake: Unexpected response code: 502 @ https://teknikal.id/_next/static/chunks/node_modules_next_dist_client_0fhqo1d._.js:13322
[   54786ms] [ERROR] WebSocket connection to 'wss://teknikal.id/_next/webpack-hmr?id=RX5-tRAgvGSI2SG-nbJ3d' failed: Error during WebSocket handshake: Unexpected response code: 502 @ https://teknikal.id/_next/static/chunks/node_modules_next_dist_client_0fhqo1d._.js:13322
[   60442ms] [ERROR] WebSocket connection to 'wss://teknikal.id/_next/webpack-hmr?id=RX5-tRAgvGSI2SG-nbJ3d' failed: Error during WebSocket handshake: Unexpected response code: 502 @ https://teknikal.id/_next/static/chunks/node_modules_next_dist_client_0fhqo1d._.js:13322
[   64085ms] [ERROR] WebSocket connection to 'wss://teknikal.id/_next/webpack-hmr?id=RX5-tRAgvGSI2SG-nbJ3d' failed: Error during WebSocket handshake: Unexpected response code: 502 @ https://teknikal.id/_next/static/chunks/node_modules_next_dist_client_0fhqo1d._.js:13322
[   69504ms] [ERROR] WebSocket connection to 'wss://teknikal.id/_next/webpack-hmr?id=RX5-tRAgvGSI2SG-nbJ3d' failed: Error during WebSocket handshake: Unexpected response code: 502 @ https://teknikal.id/_next/static/chunks/node_modules_next_dist_client_0fhqo1d._.js:13322
[   72559ms] [ERROR] WebSocket connection to 'wss://teknikal.id/_next/webpack-hmr?id=RX5-tRAgvGSI2SG-nbJ3d' failed: Error during WebSocket handshake: Unexpected response code: 502 @ https://teknikal.id/_next/static/chunks/node_modules_next_dist_client_0fhqo1d._.js:13322
[   79713ms] [ERROR] WebSocket connection to 'wss://teknikal.id/_next/webpack-hmr?id=RX5-tRAgvGSI2SG-nbJ3d' failed: Error during WebSocket handshake: Unexpected response code: 502 @ https://teknikal.id/_next/static/chunks/node_modules_next_dist_client_0fhqo1d._.js:13322
[   88780ms] [ERROR] WebSocket connection to 'wss://teknikal.id/_next/webpack-hmr?id=RX5-tRAgvGSI2SG-nbJ3d' failed: Error during WebSocket handshake: Unexpected response code: 502 @ https://teknikal.id/_next/static/chunks/node_modules_next_dist_client_0fhqo1d._.js:13322
[   98504ms] [ERROR] WebSocket connection to 'wss://teknikal.id/_next/webpack-hmr?id=RX5-tRAgvGSI2SG-nbJ3d' failed: Error during WebSocket handshake: Unexpected response code: 502 @ https://teknikal.id/_next/static/chunks/node_modules_next_dist_client_0fhqo1d._.js:13322
[  105173ms] [ERROR] WebSocket connection to 'wss://teknikal.id/_next/webpack-hmr?id=RX5-tRAgvGSI2SG-nbJ3d' failed: Error during WebSocket handshake: Unexpected response code: 502 @ https://teknikal.id/_next/static/chunks/node_modules_next_dist_client_0fhqo1d._.js:13322
[  112571ms] [ERROR] WebSocket connection to 'wss://teknikal.id/_next/webpack-hmr?id=RX5-tRAgvGSI2SG-nbJ3d' failed: Error during WebSocket handshake: Unexpected response code: 502 @ https://teknikal.id/_next/static/chunks/node_modules_next_dist_client_0fhqo1d._.js:13322
[  120574ms] [ERROR] WebSocket connection to 'wss://teknikal.id/_next/webpack-hmr?id=RX5-tRAgvGSI2SG-nbJ3d' failed: Error during WebSocket handshake: Unexpected response code: 502 @ https://teknikal.id/_next/static/chunks/node_modules_next_dist_client_0fhqo1d._.js:13322
[  127743ms] [ERROR] WebSocket connection to 'wss://teknikal.id/_next/webpack-hmr?id=RX5-tRAgvGSI2SG-nbJ3d' failed: Error during WebSocket handshake: Unexpected response code: 502 @ https://teknikal.id/_next/static/chunks/node_modules_next_dist_client_0fhqo1d._.js:13322
[  127958ms] [ERROR] Loading the script 'https://plausible.teknikal.id/js/script.js' violates the following Content Security Policy directive: "script-src 'self' 'unsafe-inline' 'unsafe-eval'". Note that 'script-src-elem' was not explicitly set, so 'script-src' is used as a fallback. The action has been blocked. @ https://teknikal.id/:0
[  127959ms] [ERROR] Loading the script 'https://static.cloudflareinsights.com/beacon.min.js/v833ccba57c9e4d2798f2e76cebdd09a11778172276447' violates the following Content Security Policy directive: "script-src 'self' 'unsafe-inline' 'unsafe-eval'". Note that 'script-src-elem' was not explicitly set, so 'script-src' is used as a fallback. The action has been blocked. @ https://teknikal.id/:0
[  127972ms] [INFO] %cDownload the React DevTools for a better development experience: https://react.dev/link/react-devtools font-weight:bold @ https://teknikal.id/_next/static/chunks/node_modules_next_dist_115brz8._.js:2477
[  130028ms] [ERROR] WebSocket connection to 'wss://teknikal.id/_next/webpack-hmr?id=hryaigzoAgRWur0ZeZm-E' failed: Error during WebSocket handshake: Unexpected response code: 502 @ https://teknikal.id/_next/static/chunks/node_modules_next_dist_client_0fhqo1d._.js:13322
[  136080ms] [ERROR] WebSocket connection to 'wss://teknikal.id/_next/webpack-hmr?id=hryaigzoAgRWur0ZeZm-E' failed: Error during WebSocket handshake: Unexpected response code: 502 @ https://teknikal.id/_next/static/chunks/node_modules_next_dist_client_0fhqo1d._.js:13322
[  140351ms] [ERROR] WebSocket connection to 'wss://teknikal.id/_next/webpack-hmr?id=hryaigzoAgRWur0ZeZm-E' failed: Error during WebSocket handshake: Unexpected response code: 502 @ https://teknikal.id/_next/static/chunks/node_modules_next_dist_client_0fhqo1d._.js:13322
[  146160ms] [ERROR] WebSocket connection to 'wss://teknikal.id/_next/webpack-hmr?id=hryaigzoAgRWur0ZeZm-E' failed: Error during WebSocket handshake: Unexpected response code: 502 @ https://teknikal.id/_next/static/chunks/node_modules_next_dist_client_0fhqo1d._.js:13322
[  149012ms] [ERROR] WebSocket connection to 'wss://teknikal.id/_next/webpack-hmr?id=hryaigzoAgRWur0ZeZm-E' failed: Error during WebSocket handshake: Unexpected response code: 502 @ https://teknikal.id/_next/static/chunks/node_modules_next_dist_client_0fhqo1d._.js:13322
[  154795ms] [ERROR] WebSocket connection to 'wss://teknikal.id/_next/webpack-hmr?id=hryaigzoAgRWur0ZeZm-E' failed: Error during WebSocket handshake: Unexpected response code: 502 @ https://teknikal.id/_next/static/chunks/node_modules_next_dist_client_0fhqo1d._.js:13322
[  163174ms] [ERROR] WebSocket connection to 'wss://teknikal.id/_next/webpack-hmr?id=hryaigzoAgRWur0ZeZm-E' failed: Error during WebSocket handshake: Unexpected response code: 502 @ https://teknikal.id/_next/static/chunks/node_modules_next_dist_client_0fhqo1d._.js:13322
[  172560ms] [ERROR] WebSocket connection to 'wss://teknikal.id/_next/webpack-hmr?id=hryaigzoAgRWur0ZeZm-E' failed: Error during WebSocket handshake: Unexpected response code: 502 @ https://teknikal.id/_next/static/chunks/node_modules_next_dist_client_0fhqo1d._.js:13322
[  179405ms] [ERROR] WebSocket connection to 'wss://teknikal.id/_next/webpack-hmr?id=hryaigzoAgRWur0ZeZm-E' failed: Error during WebSocket handshake: Unexpected response code: 502 @ https://teknikal.id/_next/static/chunks/node_modules_next_dist_client_0fhqo1d._.js:13322
[  187986ms] [ERROR] WebSocket connection to 'wss://teknikal.id/_next/webpack-hmr?id=hryaigzoAgRWur0ZeZm-E' failed: Error during WebSocket handshake: Unexpected response code: 502 @ https://teknikal.id/_next/static/chunks/node_modules_next_dist_client_0fhqo1d._.js:13322
[  196888ms] [ERROR] WebSocket connection to 'wss://teknikal.id/_next/webpack-hmr?id=hryaigzoAgRWur0ZeZm-E' failed: Error during WebSocket handshake: Unexpected response code: 502 @ https://teknikal.id/_next/static/chunks/node_modules_next_dist_client_0fhqo1d._.js:13322
[  206478ms] [ERROR] WebSocket connection to 'wss://teknikal.id/_next/webpack-hmr?id=hryaigzoAgRWur0ZeZm-E' failed: Error during WebSocket handshake: Unexpected response code: 502 @ https://teknikal.id/_next/static/chunks/node_modules_next_dist_client_0fhqo1d._.js:13322
[  216489ms] [ERROR] WebSocket connection to 'wss://teknikal.id/_next/webpack-hmr?id=hryaigzoAgRWur0ZeZm-E' failed: Error during WebSocket handshake: Unexpected response code: 502 @ https://teknikal.id/_next/static/chunks/node_modules_next_dist_client_0fhqo1d._.js:13322
[  216871ms] [ERROR] Loading the script 'https://plausible.teknikal.id/js/script.js' violates the following Content Security Policy directive: "script-src 'self' 'unsafe-inline' 'unsafe-eval'". Note that 'script-src-elem' was not explicitly set, so 'script-src' is used as a fallback. The action has been blocked. @ https://teknikal.id/:0
[  216877ms] [ERROR] Loading the script 'https://static.cloudflareinsights.com/beacon.min.js/v833ccba57c9e4d2798f2e76cebdd09a11778172276447' violates the following Content Security Policy directive: "script-src 'self' 'unsafe-inline' 'unsafe-eval'". Note that 'script-src-elem' was not explicitly set, so 'script-src' is used as a fallback. The action has been blocked. @ https://teknikal.id/:0
[  216896ms] [INFO] %cDownload the React DevTools for a better development experience: https://react.dev/link/react-devtools font-weight:bold @ https://teknikal.id/_next/static/chunks/node_modules_next_dist_115brz8._.js:2477
[  219744ms] [ERROR] WebSocket connection to 'wss://teknikal.id/_next/webpack-hmr?id=m2DDi_Gi8vXVaEYu-Qqxq' failed: Error during WebSocket handshake: Unexpected response code: 502 @ https://teknikal.id/_next/static/chunks/node_modules_next_dist_client_0fhqo1d._.js:13322
[  225967ms] [ERROR] WebSocket connection to 'wss://teknikal.id/_next/webpack-hmr?id=m2DDi_Gi8vXVaEYu-Qqxq' failed: Error during WebSocket handshake: Unexpected response code: 502 @ https://teknikal.id/_next/static/chunks/node_modules_next_dist_client_0fhqo1d._.js:13322
[  229823ms] [ERROR] WebSocket connection to 'wss://teknikal.id/_next/webpack-hmr?id=m2DDi_Gi8vXVaEYu-Qqxq' failed: Error during WebSocket handshake: Unexpected response code: 502 @ https://teknikal.id/_next/static/chunks/node_modules_next_dist_client_0fhqo1d._.js:13322
[  235655ms] [ERROR] WebSocket connection to 'wss://teknikal.id/_next/webpack-hmr?id=m2DDi_Gi8vXVaEYu-Qqxq' failed: Error during WebSocket handshake: Unexpected response code: 502 @ https://teknikal.id/_next/static/chunks/node_modules_next_dist_client_0fhqo1d._.js:13322
[  240403ms] [ERROR] WebSocket connection to 'wss://teknikal.id/_next/webpack-hmr?id=m2DDi_Gi8vXVaEYu-Qqxq' failed: Error during WebSocket handshake: Unexpected response code: 502 @ https://teknikal.id/_next/static/chunks/node_modules_next_dist_client_0fhqo1d._.js:13322
[  246562ms] [ERROR] WebSocket connection to 'wss://teknikal.id/_next/webpack-hmr?id=m2DDi_Gi8vXVaEYu-Qqxq' failed: Error during WebSocket handshake: Unexpected response code: 502 @ https://teknikal.id/_next/static/chunks/node_modules_next_dist_client_0fhqo1d._.js:13322
[  254712ms] [ERROR] WebSocket connection to 'wss://teknikal.id/_next/webpack-hmr?id=m2DDi_Gi8vXVaEYu-Qqxq' failed: Error during WebSocket handshake: Unexpected response code: 502 @ https://teknikal.id/_next/static/chunks/node_modules_next_dist_client_0fhqo1d._.js:13322
[  263029ms] [ERROR] WebSocket connection to 'wss://teknikal.id/_next/webpack-hmr?id=m2DDi_Gi8vXVaEYu-Qqxq' failed: Error during WebSocket handshake: Unexpected response code: 502 @ https://teknikal.id/_next/static/chunks/node_modules_next_dist_client_0fhqo1d._.js:13322
[  271645ms] [ERROR] WebSocket connection to 'wss://teknikal.id/_next/webpack-hmr?id=m2DDi_Gi8vXVaEYu-Qqxq' failed: Error during WebSocket handshake: Unexpected response code: 502 @ https://teknikal.id/_next/static/chunks/node_modules_next_dist_client_0fhqo1d._.js:13322
[  280309ms] [ERROR] WebSocket connection to 'wss://teknikal.id/_next/webpack-hmr?id=m2DDi_Gi8vXVaEYu-Qqxq' failed: Error during WebSocket handshake: Unexpected response code: 502 @ https://teknikal.id/_next/static/chunks/node_modules_next_dist_client_0fhqo1d._.js:13322
[  288479ms] [ERROR] WebSocket connection to 'wss://teknikal.id/_next/webpack-hmr?id=m2DDi_Gi8vXVaEYu-Qqxq' failed: Error during WebSocket handshake: Unexpected response code: 502 @ https://teknikal.id/_next/static/chunks/node_modules_next_dist_client_0fhqo1d._.js:13322
[  295102ms] [ERROR] WebSocket connection to 'wss://teknikal.id/_next/webpack-hmr?id=m2DDi_Gi8vXVaEYu-Qqxq' failed: Error during WebSocket handshake: Unexpected response code: 502 @ https://teknikal.id/_next/static/chunks/node_modules_next_dist_client_0fhqo1d._.js:13322
[  302257ms] [ERROR] WebSocket connection to 'wss://teknikal.id/_next/webpack-hmr?id=m2DDi_Gi8vXVaEYu-Qqxq' failed: Error during WebSocket handshake: Unexpected response code: 502 @ https://teknikal.id/_next/static/chunks/node_modules_next_dist_client_0fhqo1d._.js:13322
[  303536ms] [INFO] %cDownload the React DevTools for a better development experience: https://react.dev/link/react-devtools font-weight:bold @ https://teknikal.id/_next/static/chunks/node_modules_next_dist_115brz8._.js:2477
[  306955ms] [WARNING] The resource https://plausible.teknikal.id/js/script.js was preloaded using link preload but not used within a few seconds from the window's load event. Please make sure it has an appropriate `as` value and it is preloaded intentionally. @ https://teknikal.id/:0
[  308660ms] [ERROR] WebSocket connection to 'wss://teknikal.id/_next/webpack-hmr?id=5HVIt3MhsUi3GT8zKqimW' failed: Error during WebSocket handshake: Unexpected response code: 502 @ https://teknikal.id/_next/static/chunks/node_modules_next_dist_client_0fhqo1d._.js:13322
[  313733ms] [ERROR] WebSocket connection to 'wss://teknikal.id/_next/webpack-hmr?id=5HVIt3MhsUi3GT8zKqimW' failed: Error during WebSocket handshake: Unexpected response code: 502 @ https://teknikal.id/_next/static/chunks/node_modules_next_dist_client_0fhqo1d._.js:13322
[  319724ms] [ERROR] WebSocket connection to 'wss://teknikal.id/_next/webpack-hmr?id=5HVIt3MhsUi3GT8zKqimW' failed: Error during WebSocket handshake: Unexpected response code: 502 @ https://teknikal.id/_next/static/chunks/node_modules_next_dist_client_0fhqo1d._.js:13322
[  322507ms] [ERROR] WebSocket connection to 'wss://teknikal.id/_next/webpack-hmr?id=5HVIt3MhsUi3GT8zKqimW' failed: Error during WebSocket handshake: Unexpected response code: 502 @ https://teknikal.id/_next/static/chunks/node_modules_next_dist_client_0fhqo1d._.js:13322
[  326840ms] [ERROR] WebSocket connection to 'wss://teknikal.id/_next/webpack-hmr?id=5HVIt3MhsUi3GT8zKqimW' failed: Error during WebSocket handshake: Unexpected response code: 502 @ https://teknikal.id/_next/static/chunks/node_modules_next_dist_client_0fhqo1d._.js:13322
[  331466ms] [ERROR] WebSocket connection to 'wss://teknikal.id/_next/webpack-hmr?id=5HVIt3MhsUi3GT8zKqimW' failed: Error during WebSocket handshake: Unexpected response code: 502 @ https://teknikal.id/_next/static/chunks/node_modules_next_dist_client_0fhqo1d._.js:13322
[  341362ms] [ERROR] WebSocket connection to 'wss://teknikal.id/_next/webpack-hmr?id=5HVIt3MhsUi3GT8zKqimW' failed: Error during WebSocket handshake: Unexpected response code: 502 @ https://teknikal.id/_next/static/chunks/node_modules_next_dist_client_0fhqo1d._.js:13322
[  348028ms] [ERROR] WebSocket connection to 'wss://teknikal.id/_next/webpack-hmr?id=5HVIt3MhsUi3GT8zKqimW' failed: Error during WebSocket handshake: Unexpected response code: 502 @ https://teknikal.id/_next/static/chunks/node_modules_next_dist_client_0fhqo1d._.js:13322
[  356054ms] [ERROR] WebSocket connection to 'wss://teknikal.id/_next/webpack-hmr?id=5HVIt3MhsUi3GT8zKqimW' failed: Error during WebSocket handshake: Unexpected response code: 502 @ https://teknikal.id/_next/static/chunks/node_modules_next_dist_client_0fhqo1d._.js:13322
[  364418ms] [ERROR] WebSocket connection to 'wss://teknikal.id/_next/webpack-hmr?id=5HVIt3MhsUi3GT8zKqimW' failed: Error during WebSocket handshake: Unexpected response code: 502 @ https://teknikal.id/_next/static/chunks/node_modules_next_dist_client_0fhqo1d._.js:13322
[  369824ms] [ERROR] WebSocket connection to 'wss://teknikal.id/_next/webpack-hmr?id=5HVIt3MhsUi3GT8zKqimW' failed: Error during WebSocket handshake: Unexpected response code: 502 @ https://teknikal.id/_next/static/chunks/node_modules_next_dist_client_0fhqo1d._.js:13322
[  375015ms] [ERROR] WebSocket connection to 'wss://teknikal.id/_next/webpack-hmr?id=5HVIt3MhsUi3GT8zKqimW' failed: Error during WebSocket handshake: Unexpected response code: 502 @ https://teknikal.id/_next/static/chunks/node_modules_next_dist_client_0fhqo1d._.js:13322
[  380165ms] [ERROR] WebSocket connection to 'wss://teknikal.id/_next/webpack-hmr?id=5HVIt3MhsUi3GT8zKqimW' failed: Error during WebSocket handshake: Unexpected response code: 502 @ https://teknikal.id/_next/static/chunks/node_modules_next_dist_client_0fhqo1d._.js:13322
[  380452ms] [INFO] %cDownload the React DevTools for a better development experience: https://react.dev/link/react-devtools font-weight:bold @ https://teknikal.id/_next/static/chunks/node_modules_next_dist_115brz8._.js:2477
[  380875ms] [ERROR] WebSocket connection to 'wss://teknikal.id/_next/webpack-hmr?id=_bTGqFRWAaMKyRcoQZT4Q' failed: Error during WebSocket handshake: Unexpected response code: 502 @ https://teknikal.id/_next/static/chunks/node_modules_next_dist_client_0fhqo1d._.js:13322
[  382067ms] [ERROR] WebSocket connection to 'wss://teknikal.id/_next/webpack-hmr?id=_bTGqFRWAaMKyRcoQZT4Q' failed: Error during WebSocket handshake: Unexpected response code: 502 @ https://teknikal.id/_next/static/chunks/node_modules_next_dist_client_0fhqo1d._.js:13322
[  383208ms] [ERROR] WebSocket connection to 'wss://teknikal.id/_next/webpack-hmr?id=_bTGqFRWAaMKyRcoQZT4Q' failed: Error during WebSocket handshake: Unexpected response code: 502 @ https://teknikal.id/_next/static/chunks/node_modules_next_dist_client_0fhqo1d._.js:13322
[  383641ms] [WARNING] The resource https://plausible.teknikal.id/js/script.js was preloaded using link preload but not used within a few seconds from the window's load event. Please make sure it has an appropriate `as` value and it is preloaded intentionally. @ https://teknikal.id/:0
[  384635ms] [ERROR] WebSocket connection to 'wss://teknikal.id/_next/webpack-hmr?id=_bTGqFRWAaMKyRcoQZT4Q' failed: Error during WebSocket handshake: Unexpected response code: 502 @ https://teknikal.id/_next/static/chunks/node_modules_next_dist_client_0fhqo1d._.js:13322
[  385826ms] [ERROR] WebSocket connection to 'wss://teknikal.id/_next/webpack-hmr?id=_bTGqFRWAaMKyRcoQZT4Q' failed: Error during WebSocket handshake: Unexpected response code: 502 @ https://teknikal.id/_next/static/chunks/node_modules_next_dist_client_0fhqo1d._.js:13322
[  387570ms] [ERROR] WebSocket connection to 'wss://teknikal.id/_next/webpack-hmr?id=_bTGqFRWAaMKyRcoQZT4Q' failed: Error during WebSocket handshake: Unexpected response code: 502 @ https://teknikal.id/_next/static/chunks/node_modules_next_dist_client_0fhqo1d._.js:13322
[  392782ms] [ERROR] WebSocket connection to 'wss://teknikal.id/_next/webpack-hmr?id=_bTGqFRWAaMKyRcoQZT4Q' failed: Error during WebSocket handshake: Unexpected response code: 502 @ https://teknikal.id/_next/static/chunks/node_modules_next_dist_client_0fhqo1d._.js:13322
[  398037ms] [ERROR] WebSocket connection to 'wss://teknikal.id/_next/webpack-hmr?id=_bTGqFRWAaMKyRcoQZT4Q' failed: Error during WebSocket handshake: Unexpected response code: 502 @ https://teknikal.id/_next/static/chunks/node_modules_next_dist_client_0fhqo1d._.js:13322
[  403340ms] [ERROR] WebSocket connection to 'wss://teknikal.id/_next/webpack-hmr?id=_bTGqFRWAaMKyRcoQZT4Q' failed: Error during WebSocket handshake: Unexpected response code: 502 @ https://teknikal.id/_next/static/chunks/node_modules_next_dist_client_0fhqo1d._.js:13322
[  408671ms] [ERROR] WebSocket connection to 'wss://teknikal.id/_next/webpack-hmr?id=_bTGqFRWAaMKyRcoQZT4Q' failed: Error during WebSocket handshake: Unexpected response code: 502 @ https://teknikal.id/_next/static/chunks/node_modules_next_dist_client_0fhqo1d._.js:13322
[  414738ms] [ERROR] WebSocket connection to 'wss://teknikal.id/_next/webpack-hmr?id=_bTGqFRWAaMKyRcoQZT4Q' failed: Error during WebSocket handshake: Unexpected response code: 502 @ https://teknikal.id/_next/static/chunks/node_modules_next_dist_client_0fhqo1d._.js:13322
[  420635ms] [ERROR] WebSocket connection to 'wss://teknikal.id/_next/webpack-hmr?id=_bTGqFRWAaMKyRcoQZT4Q' failed: Error during WebSocket handshake: Unexpected response code: 502 @ https://teknikal.id/_next/static/chunks/node_modules_next_dist_client_0fhqo1d._.js:13322
[  429490ms] [ERROR] WebSocket connection to 'wss://teknikal.id/_next/webpack-hmr?id=_bTGqFRWAaMKyRcoQZT4Q' failed: Error during WebSocket handshake: Unexpected response code: 502 @ https://teknikal.id/_next/static/chunks/node_modules_next_dist_client_0fhqo1d._.js:13322
[  429945ms] [INFO] %cDownload the React DevTools for a better development experience: https://react.dev/link/react-devtools font-weight:bold @ https://teknikal.id/_next/static/chunks/node_modules_next_dist_115brz8._.js:2477
[  433195ms] [WARNING] The resource https://plausible.teknikal.id/js/script.js was preloaded using link preload but not used within a few seconds from the window's load event. Please make sure it has an appropriate `as` value and it is preloaded intentionally. @ https://teknikal.id/:0
[  434613ms] [ERROR] WebSocket connection to 'wss://teknikal.id/_next/webpack-hmr?id=oOvfAV_S33CDMhOjLYa9E' failed: Error during WebSocket handshake: Unexpected response code: 502 @ https://teknikal.id/_next/static/chunks/node_modules_next_dist_client_0fhqo1d._.js:13322
[  440136ms] [ERROR] WebSocket connection to 'wss://teknikal.id/_next/webpack-hmr?id=oOvfAV_S33CDMhOjLYa9E' failed: Error during WebSocket handshake: Unexpected response code: 502 @ https://teknikal.id/_next/static/chunks/node_modules_next_dist_client_0fhqo1d._.js:13322
[  442388ms] [ERROR] WebSocket connection to 'wss://teknikal.id/_next/webpack-hmr?id=oOvfAV_S33CDMhOjLYa9E' failed: Error during WebSocket handshake: Unexpected response code: 502 @ https://teknikal.id/_next/static/chunks/node_modules_next_dist_client_0fhqo1d._.js:13322
[  444748ms] [ERROR] WebSocket connection to 'wss://teknikal.id/_next/webpack-hmr?id=oOvfAV_S33CDMhOjLYa9E' failed: Error during WebSocket handshake: Unexpected response code: 502 @ https://teknikal.id/_next/static/chunks/node_modules_next_dist_client_0fhqo1d._.js:13322
[  447904ms] [ERROR] WebSocket connection to 'wss://teknikal.id/_next/webpack-hmr?id=oOvfAV_S33CDMhOjLYa9E' failed: Error during WebSocket handshake: Unexpected response code: 502 @ https://teknikal.id/_next/static/chunks/node_modules_next_dist_client_0fhqo1d._.js:13322
[  453432ms] [ERROR] WebSocket connection to 'wss://teknikal.id/_next/webpack-hmr?id=oOvfAV_S33CDMhOjLYa9E' failed: Error during WebSocket handshake: Unexpected response code: 502 @ https://teknikal.id/_next/static/chunks/node_modules_next_dist_client_0fhqo1d._.js:13322
[  460455ms] [ERROR] WebSocket connection to 'wss://teknikal.id/_next/webpack-hmr?id=oOvfAV_S33CDMhOjLYa9E' failed: Error during WebSocket handshake: Unexpected response code: 502 @ https://teknikal.id/_next/static/chunks/node_modules_next_dist_client_0fhqo1d._.js:13322
[  469184ms] [ERROR] WebSocket connection to 'wss://teknikal.id/_next/webpack-hmr?id=oOvfAV_S33CDMhOjLYa9E' failed: Error during WebSocket handshake: Unexpected response code: 502 @ https://teknikal.id/_next/static/chunks/node_modules_next_dist_client_0fhqo1d._.js:13322
[  477843ms] [ERROR] WebSocket connection to 'wss://teknikal.id/_next/webpack-hmr?id=oOvfAV_S33CDMhOjLYa9E' failed: Error during WebSocket handshake: Unexpected response code: 502 @ https://teknikal.id/_next/static/chunks/node_modules_next_dist_client_0fhqo1d._.js:13322
[  488031ms] [ERROR] WebSocket connection to 'wss://teknikal.id/_next/webpack-hmr?id=oOvfAV_S33CDMhOjLYa9E' failed: Error during WebSocket handshake: Unexpected response code: 502 @ https://teknikal.id/_next/static/chunks/node_modules_next_dist_client_0fhqo1d._.js:13322
[  493142ms] [ERROR] WebSocket connection to 'wss://teknikal.id/_next/webpack-hmr?id=oOvfAV_S33CDMhOjLYa9E' failed: Error during WebSocket handshake: Unexpected response code: 502 @ https://teknikal.id/_next/static/chunks/node_modules_next_dist_client_0fhqo1d._.js:13322
[  498269ms] [ERROR] WebSocket connection to 'wss://teknikal.id/_next/webpack-hmr?id=oOvfAV_S33CDMhOjLYa9E' failed: Error during WebSocket handshake: Unexpected response code: 502 @ https://teknikal.id/_next/static/chunks/node_modules_next_dist_client_0fhqo1d._.js:13322
[  503536ms] [ERROR] WebSocket connection to 'wss://teknikal.id/_next/webpack-hmr?id=oOvfAV_S33CDMhOjLYa9E' failed: Error during WebSocket handshake: Unexpected response code: 502 @ https://teknikal.id/_next/static/chunks/node_modules_next_dist_client_0fhqo1d._.js:13322
[  504411ms] [INFO] %cDownload the React DevTools for a better development experience: https://react.dev/link/react-devtools font-weight:bold @ https://teknikal.id/_next/static/chunks/node_modules_next_dist_115brz8._.js:2477
[  504597ms] [ERROR] WebSocket connection to 'wss://teknikal.id/_next/webpack-hmr?id=egq9c5a7URmGBddIXTJBf' failed: Error during WebSocket handshake: Unexpected response code: 502 @ https://teknikal.id/_next/static/chunks/node_modules_next_dist_client_0fhqo1d._.js:13322
[  505717ms] [ERROR] WebSocket connection to 'wss://teknikal.id/_next/webpack-hmr?id=egq9c5a7URmGBddIXTJBf' failed: Error during WebSocket handshake: Unexpected response code: 502 @ https://teknikal.id/_next/static/chunks/node_modules_next_dist_client_0fhqo1d._.js:13322
[  507527ms] [ERROR] WebSocket connection to 'wss://teknikal.id/_next/webpack-hmr?id=egq9c5a7URmGBddIXTJBf' failed: Error during WebSocket handshake: Unexpected response code: 502 @ https://teknikal.id/_next/static/chunks/node_modules_next_dist_client_0fhqo1d._.js:13322
[  507546ms] [WARNING] The resource https://plausible.teknikal.id/js/script.js was preloaded using link preload but not used within a few seconds from the window's load event. Please make sure it has an appropriate `as` value and it is preloaded intentionally. @ https://teknikal.id/:0
[  508756ms] [ERROR] WebSocket connection to 'wss://teknikal.id/_next/webpack-hmr?id=egq9c5a7URmGBddIXTJBf' failed: Error during WebSocket handshake: Unexpected response code: 502 @ https://teknikal.id/_next/static/chunks/node_modules_next_dist_client_0fhqo1d._.js:13322
[  509965ms] [ERROR] WebSocket connection to 'wss://teknikal.id/_next/webpack-hmr?id=egq9c5a7URmGBddIXTJBf' failed: Error during WebSocket handshake: Unexpected response code: 502 @ https://teknikal.id/_next/static/chunks/node_modules_next_dist_client_0fhqo1d._.js:13322
[  511191ms] [ERROR] WebSocket connection to 'wss://teknikal.id/_next/webpack-hmr?id=egq9c5a7URmGBddIXTJBf' failed: Error during WebSocket handshake: Unexpected response code: 502 @ https://teknikal.id/_next/static/chunks/node_modules_next_dist_client_0fhqo1d._.js:13322
[  516466ms] [ERROR] WebSocket connection to 'wss://teknikal.id/_next/webpack-hmr?id=egq9c5a7URmGBddIXTJBf' failed: Error during WebSocket handshake: Unexpected response code: 502 @ https://teknikal.id/_next/static/chunks/node_modules_next_dist_client_0fhqo1d._.js:13322
[  521701ms] [ERROR] WebSocket connection to 'wss://teknikal.id/_next/webpack-hmr?id=egq9c5a7URmGBddIXTJBf' failed: Error during WebSocket handshake: Unexpected response code: 502 @ https://teknikal.id/_next/static/chunks/node_modules_next_dist_client_0fhqo1d._.js:13322
[  527153ms] [ERROR] WebSocket connection to 'wss://teknikal.id/_next/webpack-hmr?id=egq9c5a7URmGBddIXTJBf' failed: Error during WebSocket handshake: Unexpected response code: 502 @ https://teknikal.id/_next/static/chunks/node_modules_next_dist_client_0fhqo1d._.js:13322
[  532703ms] [ERROR] WebSocket connection to 'wss://teknikal.id/_next/webpack-hmr?id=egq9c5a7URmGBddIXTJBf' failed: Error during WebSocket handshake: Unexpected response code: 502 @ https://teknikal.id/_next/static/chunks/node_modules_next_dist_client_0fhqo1d._.js:13322
[  538947ms] [ERROR] WebSocket connection to 'wss://teknikal.id/_next/webpack-hmr?id=egq9c5a7URmGBddIXTJBf' failed: Error during WebSocket handshake: Unexpected response code: 502 @ https://teknikal.id/_next/static/chunks/node_modules_next_dist_client_0fhqo1d._.js:13322
[  546219ms] [ERROR] WebSocket connection to 'wss://teknikal.id/_next/webpack-hmr?id=egq9c5a7URmGBddIXTJBf' failed: Error during WebSocket handshake: Unexpected response code: 502 @ https://teknikal.id/_next/static/chunks/node_modules_next_dist_client_0fhqo1d._.js:13322
[  552623ms] [ERROR] WebSocket connection to 'wss://teknikal.id/_next/webpack-hmr?id=egq9c5a7URmGBddIXTJBf' failed: Error during WebSocket handshake: Unexpected response code: 502 @ https://teknikal.id/_next/static/chunks/node_modules_next_dist_client_0fhqo1d._.js:13322
[  553006ms] [INFO] %cDownload the React DevTools for a better development experience: https://react.dev/link/react-devtools font-weight:bold @ https://teknikal.id/_next/static/chunks/node_modules_next_dist_115brz8._.js:2477
[  556472ms] [WARNING] The resource https://plausible.teknikal.id/js/script.js was preloaded using link preload but not used within a few seconds from the window's load event. Please make sure it has an appropriate `as` value and it is preloaded intentionally. @ https://teknikal.id/:0
[  556972ms] [ERROR] WebSocket connection to 'wss://teknikal.id/_next/webpack-hmr?id=yfHarnMIQoeIV_yw_JtKZ' failed: Error during WebSocket handshake: Unexpected response code: 502 @ https://teknikal.id/_next/static/chunks/node_modules_next_dist_client_0fhqo1d._.js:13322
[  561617ms] [ERROR] WebSocket connection to 'wss://teknikal.id/_next/webpack-hmr?id=yfHarnMIQoeIV_yw_JtKZ' failed: Error during WebSocket handshake: Unexpected response code: 502 @ https://teknikal.id/_next/static/chunks/node_modules_next_dist_client_0fhqo1d._.js:13322
[  566418ms] [ERROR] WebSocket connection to 'wss://teknikal.id/_next/webpack-hmr?id=yfHarnMIQoeIV_yw_JtKZ' failed: Error during WebSocket handshake: Unexpected response code: 502 @ https://teknikal.id/_next/static/chunks/node_modules_next_dist_client_0fhqo1d._.js:13322
[  572196ms] [ERROR] WebSocket connection to 'wss://teknikal.id/_next/webpack-hmr?id=yfHarnMIQoeIV_yw_JtKZ' failed: Error during WebSocket handshake: Unexpected response code: 502 @ https://teknikal.id/_next/static/chunks/node_modules_next_dist_client_0fhqo1d._.js:13322
[  576353ms] [ERROR] WebSocket connection to 'wss://teknikal.id/_next/webpack-hmr?id=yfHarnMIQoeIV_yw_JtKZ' failed: Error during WebSocket handshake: Unexpected response code: 502 @ https://teknikal.id/_next/static/chunks/node_modules_next_dist_client_0fhqo1d._.js:13322
[  580179ms] [ERROR] WebSocket connection to 'wss://teknikal.id/_next/webpack-hmr?id=yfHarnMIQoeIV_yw_JtKZ' failed: Error during WebSocket handshake: Unexpected response code: 502 @ https://teknikal.id/_next/static/chunks/node_modules_next_dist_client_0fhqo1d._.js:13322
[  586901ms] [ERROR] WebSocket connection to 'wss://teknikal.id/_next/webpack-hmr?id=yfHarnMIQoeIV_yw_JtKZ' failed: Error during WebSocket handshake: Unexpected response code: 502 @ https://teknikal.id/_next/static/chunks/node_modules_next_dist_client_0fhqo1d._.js:13322
[  593912ms] [ERROR] WebSocket connection to 'wss://teknikal.id/_next/webpack-hmr?id=yfHarnMIQoeIV_yw_JtKZ' failed: Error during WebSocket handshake: Unexpected response code: 502 @ https://teknikal.id/_next/static/chunks/node_modules_next_dist_client_0fhqo1d._.js:13322
[  603618ms] [ERROR] WebSocket connection to 'wss://teknikal.id/_next/webpack-hmr?id=yfHarnMIQoeIV_yw_JtKZ' failed: Error during WebSocket handshake: Unexpected response code: 502 @ https://teknikal.id/_next/static/chunks/node_modules_next_dist_client_0fhqo1d._.js:13322
[  609858ms] [ERROR] WebSocket connection to 'wss://teknikal.id/_next/webpack-hmr?id=yfHarnMIQoeIV_yw_JtKZ' failed: Error during WebSocket handshake: Unexpected response code: 502 @ https://teknikal.id/_next/static/chunks/node_modules_next_dist_client_0fhqo1d._.js:13322
[  615051ms] [ERROR] WebSocket connection to 'wss://teknikal.id/_next/webpack-hmr?id=yfHarnMIQoeIV_yw_JtKZ' failed: Error during WebSocket handshake: Unexpected response code: 502 @ https://teknikal.id/_next/static/chunks/node_modules_next_dist_client_0fhqo1d._.js:13322
[  620224ms] [ERROR] WebSocket connection to 'wss://teknikal.id/_next/webpack-hmr?id=yfHarnMIQoeIV_yw_JtKZ' failed: Error during WebSocket handshake: Unexpected response code: 502 @ https://teknikal.id/_next/static/chunks/node_modules_next_dist_client_0fhqo1d._.js:13322
[  625367ms] [ERROR] WebSocket connection to 'wss://teknikal.id/_next/webpack-hmr?id=yfHarnMIQoeIV_yw_JtKZ' failed: Error during WebSocket handshake: Unexpected response code: 502 @ https://teknikal.id/_next/static/chunks/node_modules_next_dist_client_0fhqo1d._.js:13322
[  625660ms] [INFO] %cDownload the React DevTools for a better development experience: https://react.dev/link/react-devtools font-weight:bold @ https://teknikal.id/_next/static/chunks/node_modules_next_dist_115brz8._.js:2477
[  625907ms] [ERROR] WebSocket connection to 'wss://teknikal.id/_next/webpack-hmr?id=axglDrc97q3VQmt7SyWwB' failed: Error during WebSocket handshake: Unexpected response code: 502 @ https://teknikal.id/_next/static/chunks/node_modules_next_dist_client_0fhqo1d._.js:13322
[  627079ms] [ERROR] WebSocket connection to 'wss://teknikal.id/_next/webpack-hmr?id=axglDrc97q3VQmt7SyWwB' failed: Error during WebSocket handshake: Unexpected response code: 502 @ https://teknikal.id/_next/static/chunks/node_modules_next_dist_client_0fhqo1d._.js:13322
[  628337ms] [ERROR] WebSocket connection to 'wss://teknikal.id/_next/webpack-hmr?id=axglDrc97q3VQmt7SyWwB' failed: Error during WebSocket handshake: Unexpected response code: 530 @ https://teknikal.id/_next/static/chunks/node_modules_next_dist_client_0fhqo1d._.js:13322
[  629501ms] [ERROR] WebSocket connection to 'wss://teknikal.id/_next/webpack-hmr?id=axglDrc97q3VQmt7SyWwB' failed: Error during WebSocket handshake: Unexpected response code: 530 @ https://teknikal.id/_next/static/chunks/node_modules_next_dist_client_0fhqo1d._.js:13322
[  630664ms] [WARNING] The resource https://plausible.teknikal.id/js/script.js was preloaded using link preload but not used within a few seconds from the window's load event. Please make sure it has an appropriate `as` value and it is preloaded intentionally. @ https://teknikal.id/:0
[  630665ms] [ERROR] WebSocket connection to 'wss://teknikal.id/_next/webpack-hmr?id=axglDrc97q3VQmt7SyWwB' failed: Error during WebSocket handshake: Unexpected response code: 530 @ https://teknikal.id/_next/static/chunks/node_modules_next_dist_client_0fhqo1d._.js:13322
[  633650ms] [ERROR] WebSocket connection to 'wss://teknikal.id/_next/webpack-hmr?id=axglDrc97q3VQmt7SyWwB' failed: Error during WebSocket handshake: Unexpected response code: 530 @ https://teknikal.id/_next/static/chunks/node_modules_next_dist_client_0fhqo1d._.js:13322
[  638846ms] [ERROR] WebSocket connection to 'wss://teknikal.id/_next/webpack-hmr?id=axglDrc97q3VQmt7SyWwB' failed: Error during WebSocket handshake: Unexpected response code: 530 @ https://teknikal.id/_next/static/chunks/node_modules_next_dist_client_0fhqo1d._.js:13322
[  644038ms] [ERROR] WebSocket connection to 'wss://teknikal.id/_next/webpack-hmr?id=axglDrc97q3VQmt7SyWwB' failed: Error during WebSocket handshake: Unexpected response code: 530 @ https://teknikal.id/_next/static/chunks/node_modules_next_dist_client_0fhqo1d._.js:13322
[  649602ms] [ERROR] WebSocket connection to 'wss://teknikal.id/_next/webpack-hmr?id=axglDrc97q3VQmt7SyWwB' failed: Error during WebSocket handshake: Unexpected response code: 530 @ https://teknikal.id/_next/static/chunks/node_modules_next_dist_client_0fhqo1d._.js:13322
[  655051ms] [ERROR] WebSocket connection to 'wss://teknikal.id/_next/webpack-hmr?id=axglDrc97q3VQmt7SyWwB' failed: Error during WebSocket handshake: Unexpected response code: 530 @ https://teknikal.id/_next/static/chunks/node_modules_next_dist_client_0fhqo1d._.js:13322
