[    3082ms] [WARNING] WebSocket connection to 'wss://teknikal.id/socket.io/?EIO=4&transport=websocket&sid=3225VXFZD1XVwSbNAAAK' failed: WebSocket is closed before the connection is established. @ https://teknikal.id/_next/static/chunks/69.5660d4934204ffc2.js:0
[  657612ms] [WARNING] WebSocket connection to 'wss://teknikal.id/socket.io/?EIO=4&transport=websocket&sid=vztQa6aNXZyf09-0AAAM' failed: WebSocket is closed before the connection is established. @ https://teknikal.id/_next/static/chunks/69.5660d4934204ffc2.js:0
[  658044ms] [ERROR] Failed to load resource: the server responded with a status of 400 () @ https://teknikal.id/socket.io/?EIO=4&transport=polling&t=u2eov45g&sid=vztQa6aNXZyf09-0AAAM:0
[  883384ms] [WARNING] WebSocket connection to 'wss://teknikal.id/socket.io/?EIO=4&transport=websocket&sid=LV37rsNFVCX8x7WGAAAO' failed: WebSocket is closed before the connection is established. @ https://teknikal.id/_next/static/chunks/69.5660d4934204ffc2.js:0
[  883635ms] [ERROR] Failed to load resource: the server responded with a status of 400 () @ https://teknikal.id/socket.io/?EIO=4&transport=polling&t=u78wbs71&sid=LV37rsNFVCX8x7WGAAAO:0
[  899186ms] [ERROR] Failed to load resource: the server responded with a status of 400 () @ https://teknikal.id/api/stocks/SIDO.JK/history?range=1m:0
[  899188ms] [ERROR] Failed to load resource: the server responded with a status of 400 () @ https://teknikal.id/api/stocks/KLBF.JK/history?range=1m:0
[  899218ms] [ERROR] Failed to load resource: the server responded with a status of 400 () @ https://teknikal.id/api/stocks/PGAS.JK/history?range=1m:0
[  899221ms] [ERROR] Failed to load resource: the server responded with a status of 400 () @ https://teknikal.id/api/stocks/JPFA.JK/history?range=1m:0
[  899230ms] [ERROR] Failed to load resource: the server responded with a status of 400 () @ https://teknikal.id/api/stocks/BRIS.JK/history?range=1m:0
[  899231ms] [ERROR] Failed to load resource: the server responded with a status of 400 () @ https://teknikal.id/api/stocks/TOWR.JK/history?range=1m:0
[  899240ms] [ERROR] Failed to load resource: the server responded with a status of 400 () @ https://teknikal.id/api/stocks/UNTR.JK/history?range=1m:0
[  899242ms] [ERROR] Failed to load resource: the server responded with a status of 400 () @ https://teknikal.id/api/stocks/AMMN.JK/history?range=1m:0
[  899341ms] [ERROR] Failed to load resource: the server responded with a status of 400 () @ https://teknikal.id/api/stocks/PGEO.JK/history?range=1m:0
[  899486ms] [ERROR] Failed to load resource: the server responded with a status of 400 () @ https://teknikal.id/api/stocks/ISAT.JK/history?range=1m:0
[  900484ms] [ERROR] Failed to load resource: the server responded with a status of 400 () @ https://teknikal.id/api/stocks/KLBF.JK/history?range=1m:0
[  900489ms] [ERROR] Failed to load resource: the server responded with a status of 400 () @ https://teknikal.id/api/stocks/SIDO.JK/history?range=1m:0
[  900515ms] [ERROR] Failed to load resource: the server responded with a status of 400 () @ https://teknikal.id/api/stocks/JPFA.JK/history?range=1m:0
[  900523ms] [ERROR] Failed to load resource: the server responded with a status of 400 () @ https://teknikal.id/api/stocks/TOWR.JK/history?range=1m:0
[  900525ms] [ERROR] Failed to load resource: the server responded with a status of 400 () @ https://teknikal.id/api/stocks/BRIS.JK/history?range=1m:0
[  900528ms] [ERROR] Failed to load resource: the server responded with a status of 400 () @ https://teknikal.id/api/stocks/AMMN.JK/history?range=1m:0
[  900627ms] [ERROR] Failed to load resource: the server responded with a status of 400 () @ https://teknikal.id/api/stocks/PGEO.JK/history?range=1m:0
[  900654ms] [ERROR] Failed to load resource: the server responded with a status of 400 () @ https://teknikal.id/api/stocks/PGAS.JK/history?range=1m:0
[  900690ms] [ERROR] Failed to load resource: the server responded with a status of 400 () @ https://teknikal.id/api/stocks/UNTR.JK/history?range=1m:0
[  900780ms] [ERROR] Failed to load resource: the server responded with a status of 400 () @ https://teknikal.id/api/stocks/ISAT.JK/history?range=1m:0
