[   90060ms] [ERROR] Failed to load resource: the server responded with a status of 400 () @ https://teknikal.id/api/stocks/SIDO.JK/history?range=1m:0
[   90064ms] [ERROR] Failed to load resource: the server responded with a status of 400 () @ https://teknikal.id/api/stocks/JPFA.JK/history?range=1m:0
[   90079ms] [ERROR] Failed to load resource: the server responded with a status of 400 () @ https://teknikal.id/api/stocks/PGAS.JK/history?range=1m:0
[   90103ms] [ERROR] Failed to load resource: the server responded with a status of 400 () @ https://teknikal.id/api/stocks/TOWR.JK/history?range=1m:0
[   90108ms] [ERROR] Failed to load resource: the server responded with a status of 400 () @ https://teknikal.id/api/stocks/UNTR.JK/history?range=1m:0
[   90114ms] [ERROR] Failed to load resource: the server responded with a status of 400 () @ https://teknikal.id/api/stocks/AMMN.JK/history?range=1m:0
[   90157ms] [ERROR] Failed to load resource: the server responded with a status of 400 () @ https://teknikal.id/api/stocks/KLBF.JK/history?range=1m:0
[   90157ms] [ERROR] Failed to load resource: the server responded with a status of 400 () @ https://teknikal.id/api/stocks/BRIS.JK/history?range=1m:0
[   90157ms] [ERROR] Failed to load resource: the server responded with a status of 400 () @ https://teknikal.id/api/stocks/PGEO.JK/history?range=1m:0
[   90169ms] [ERROR] Failed to load resource: the server responded with a status of 400 () @ https://teknikal.id/api/stocks/ISAT.JK/history?range=1m:0
[   91163ms] [ERROR] Failed to load resource: the server responded with a status of 400 () @ https://teknikal.id/api/stocks/SIDO.JK/history?range=1m:0
[   91165ms] [ERROR] Failed to load resource: the server responded with a status of 400 () @ https://teknikal.id/api/stocks/JPFA.JK/history?range=1m:0
[   91182ms] [ERROR] Failed to load resource: the server responded with a status of 400 () @ https://teknikal.id/api/stocks/PGAS.JK/history?range=1m:0
[   91197ms] [ERROR] Failed to load resource: the server responded with a status of 400 () @ https://teknikal.id/api/stocks/TOWR.JK/history?range=1m:0
[   91201ms] [ERROR] Failed to load resource: the server responded with a status of 400 () @ https://teknikal.id/api/stocks/UNTR.JK/history?range=1m:0
[   91208ms] [ERROR] Failed to load resource: the server responded with a status of 400 () @ https://teknikal.id/api/stocks/AMMN.JK/history?range=1m:0
[   91254ms] [ERROR] Failed to load resource: the server responded with a status of 400 () @ https://teknikal.id/api/stocks/KLBF.JK/history?range=1m:0
[   91257ms] [ERROR] Failed to load resource: the server responded with a status of 400 () @ https://teknikal.id/api/stocks/PGEO.JK/history?range=1m:0
[   91317ms] [ERROR] Failed to load resource: the server responded with a status of 400 () @ https://teknikal.id/api/stocks/BRIS.JK/history?range=1m:0
[   91379ms] [ERROR] Failed to load resource: the server responded with a status of 400 () @ https://teknikal.id/api/stocks/ISAT.JK/history?range=1m:0
[   93252ms] [ERROR] Failed to load resource: the server responded with a status of 400 () @ https://teknikal.id/api/stocks/SIDO.JK/history?range=1m:0
[   93253ms] [ERROR] Failed to load resource: the server responded with a status of 400 () @ https://teknikal.id/api/stocks/JPFA.JK/history?range=1m:0
[   93271ms] [ERROR] Failed to load resource: the server responded with a status of 400 () @ https://teknikal.id/api/stocks/PGAS.JK/history?range=1m:0
[   93285ms] [ERROR] Failed to load resource: the server responded with a status of 400 () @ https://teknikal.id/api/stocks/TOWR.JK/history?range=1m:0
[   93288ms] [ERROR] Failed to load resource: the server responded with a status of 400 () @ https://teknikal.id/api/stocks/UNTR.JK/history?range=1m:0
[   93302ms] [ERROR] Failed to load resource: the server responded with a status of 400 () @ https://teknikal.id/api/stocks/AMMN.JK/history?range=1m:0
[   93345ms] [ERROR] Failed to load resource: the server responded with a status of 400 () @ https://teknikal.id/api/stocks/KLBF.JK/history?range=1m:0
[   93349ms] [ERROR] Failed to load resource: the server responded with a status of 400 () @ https://teknikal.id/api/stocks/PGEO.JK/history?range=1m:0
[   93417ms] [ERROR] Failed to load resource: the server responded with a status of 400 () @ https://teknikal.id/api/stocks/BRIS.JK/history?range=1m:0
[   93468ms] [ERROR] Failed to load resource: the server responded with a status of 400 () @ https://teknikal.id/api/stocks/ISAT.JK/history?range=1m:0
[  102773ms] [ERROR] Failed to load resource: the server responded with a status of 400 () @ https://teknikal.id/api/stocks/PGEO.JK/history?range=1m:0
[  102773ms] [ERROR] Failed to load resource: the server responded with a status of 400 () @ https://teknikal.id/api/stocks/SIDO.JK/history?range=1m:0
[  102776ms] [ERROR] Failed to load resource: the server responded with a status of 400 () @ https://teknikal.id/api/stocks/KLBF.JK/history?range=1m:0
[  102776ms] [ERROR] Failed to load resource: the server responded with a status of 400 () @ https://teknikal.id/api/stocks/JPFA.JK/history?range=1m:0
[  102776ms] [ERROR] Failed to load resource: the server responded with a status of 400 () @ https://teknikal.id/api/stocks/PGAS.JK/history?range=1m:0
[  102779ms] [ERROR] Failed to load resource: the server responded with a status of 400 () @ https://teknikal.id/api/stocks/BRIS.JK/history?range=1m:0
[  102782ms] [ERROR] Failed to load resource: the server responded with a status of 400 () @ https://teknikal.id/api/stocks/AMMN.JK/history?range=1m:0
[  102788ms] [ERROR] Failed to load resource: the server responded with a status of 400 () @ https://teknikal.id/api/stocks/ISAT.JK/history?range=1m:0
[  102788ms] [ERROR] Failed to load resource: the server responded with a status of 400 () @ https://teknikal.id/api/stocks/TOWR.JK/history?range=1m:0
[  102847ms] [ERROR] Failed to load resource: the server responded with a status of 400 () @ https://teknikal.id/api/stocks/UNTR.JK/history?range=1m:0
[  103861ms] [ERROR] Failed to load resource: the server responded with a status of 400 () @ https://teknikal.id/api/stocks/PGEO.JK/history?range=1m:0
[  103863ms] [ERROR] Failed to load resource: the server responded with a status of 400 () @ https://teknikal.id/api/stocks/KLBF.JK/history?range=1m:0
[  103864ms] [ERROR] Failed to load resource: the server responded with a status of 400 () @ https://teknikal.id/api/stocks/PGAS.JK/history?range=1m:0
[  103865ms] [ERROR] Failed to load resource: the server responded with a status of 400 () @ https://teknikal.id/api/stocks/SIDO.JK/history?range=1m:0
[  103867ms] [ERROR] Failed to load resource: the server responded with a status of 400 () @ https://teknikal.id/api/stocks/AMMN.JK/history?range=1m:0
[  103867ms] [ERROR] Failed to load resource: the server responded with a status of 400 () @ https://teknikal.id/api/stocks/BRIS.JK/history?range=1m:0
[  103868ms] [ERROR] Failed to load resource: the server responded with a status of 400 () @ https://teknikal.id/api/stocks/JPFA.JK/history?range=1m:0
[  103875ms] [ERROR] Failed to load resource: the server responded with a status of 400 () @ https://teknikal.id/api/stocks/TOWR.JK/history?range=1m:0
[  103876ms] [ERROR] Failed to load resource: the server responded with a status of 400 () @ https://teknikal.id/api/stocks/ISAT.JK/history?range=1m:0
[  103945ms] [ERROR] Failed to load resource: the server responded with a status of 400 () @ https://teknikal.id/api/stocks/UNTR.JK/history?range=1m:0
[  105951ms] [ERROR] Failed to load resource: the server responded with a status of 400 () @ https://teknikal.id/api/stocks/PGEO.JK/history?range=1m:0
[  105953ms] [ERROR] Failed to load resource: the server responded with a status of 400 () @ https://teknikal.id/api/stocks/KLBF.JK/history?range=1m:0
[  105953ms] [ERROR] Failed to load resource: the server responded with a status of 400 () @ https://teknikal.id/api/stocks/PGAS.JK/history?range=1m:0
[  105955ms] [ERROR] Failed to load resource: the server responded with a status of 400 () @ https://teknikal.id/api/stocks/SIDO.JK/history?range=1m:0
[  105956ms] [ERROR] Failed to load resource: the server responded with a status of 400 () @ https://teknikal.id/api/stocks/JPFA.JK/history?range=1m:0
[  105958ms] [ERROR] Failed to load resource: the server responded with a status of 400 () @ https://teknikal.id/api/stocks/BRIS.JK/history?range=1m:0
[  105960ms] [ERROR] Failed to load resource: the server responded with a status of 400 () @ https://teknikal.id/api/stocks/AMMN.JK/history?range=1m:0
[  105960ms] [ERROR] Failed to load resource: the server responded with a status of 400 () @ https://teknikal.id/api/stocks/ISAT.JK/history?range=1m:0
[  105962ms] [ERROR] Failed to load resource: the server responded with a status of 400 () @ https://teknikal.id/api/stocks/TOWR.JK/history?range=1m:0
[  106043ms] [ERROR] Failed to load resource: the server responded with a status of 400 () @ https://teknikal.id/api/stocks/UNTR.JK/history?range=1m:0
[  110044ms] [ERROR] Failed to load resource: the server responded with a status of 400 () @ https://teknikal.id/api/stocks/KLBF.JK/history?range=1m:0
[  110046ms] [ERROR] Failed to load resource: the server responded with a status of 400 () @ https://teknikal.id/api/stocks/PGEO.JK/history?range=1m:0
[  110053ms] [ERROR] Failed to load resource: the server responded with a status of 400 () @ https://teknikal.id/api/stocks/BRIS.JK/history?range=1m:0
[  110057ms] [ERROR] Failed to load resource: the server responded with a status of 400 () @ https://teknikal.id/api/stocks/PGAS.JK/history?range=1m:0
[  110060ms] [ERROR] Failed to load resource: the server responded with a status of 400 () @ https://teknikal.id/api/stocks/JPFA.JK/history?range=1m:0
[  110062ms] [ERROR] Failed to load resource: the server responded with a status of 400 () @ https://teknikal.id/api/stocks/SIDO.JK/history?range=1m:0
[  110063ms] [ERROR] Failed to load resource: the server responded with a status of 400 () @ https://teknikal.id/api/stocks/AMMN.JK/history?range=1m:0
[  110064ms] [ERROR] Failed to load resource: the server responded with a status of 400 () @ https://teknikal.id/api/stocks/TOWR.JK/history?range=1m:0
[  110068ms] [ERROR] Failed to load resource: the server responded with a status of 400 () @ https://teknikal.id/api/stocks/ISAT.JK/history?range=1m:0
[  110141ms] [ERROR] Failed to load resource: the server responded with a status of 400 () @ https://teknikal.id/api/stocks/UNTR.JK/history?range=1m:0
[  361945ms] [ERROR] Failed to load resource: the server responded with a status of 502 () @ https://teknikal.id/community?search=users&_rsc=eOk-svqUDh7X4Kh7:0
[  362091ms] [ERROR] Failed to load resource: the server responded with a status of 502 () @ https://teknikal.id/screener?_rsc=okIfyD0nJTxm302l:0
[  362354ms] [ERROR] Failed to load resource: the server responded with a status of 502 () @ https://teknikal.id/community?tab=predictors&_rsc=jjXSXGeZZAcCovAK:0
[  362385ms] [ERROR] Failed to load resource: the server responded with a status of 502 () @ https://teknikal.id/community?tab=following&_rsc=jjXSXGeZZAcCovAK:0
[  362484ms] [ERROR] Failed to load resource: the server responded with a status of 502 () @ https://teknikal.id/community?search=users:0
[  367898ms] [ERROR] Failed to load resource: the server responded with a status of 400 () @ https://teknikal.id/socket.io/?EIO=4&transport=polling&t=ufitdjb1&sid=_PSrkY_RGWWEtif7AAAA:0
[  370312ms] [ERROR] Failed to load resource: the server responded with a status of 400 () @ https://teknikal.id/api/stocks/PGEO.JK/history?range=1m:0
[  370332ms] [ERROR] Failed to load resource: the server responded with a status of 400 () @ https://teknikal.id/api/stocks/UNTR.JK/history?range=1m:0
[  370377ms] [ERROR] Failed to load resource: the server responded with a status of 400 () @ https://teknikal.id/api/stocks/BRIS.JK/history?range=1m:0
[  370381ms] [ERROR] Failed to load resource: the server responded with a status of 400 () @ https://teknikal.id/api/stocks/KLBF.JK/history?range=1m:0
[  370483ms] [ERROR] Failed to load resource: the server responded with a status of 400 () @ https://teknikal.id/api/stocks/ISAT.JK/history?range=1m:0
[  370485ms] [ERROR] Failed to load resource: the server responded with a status of 400 () @ https://teknikal.id/api/stocks/PGAS.JK/history?range=1m:0
[  370487ms] [ERROR] Failed to load resource: the server responded with a status of 400 () @ https://teknikal.id/api/stocks/AMMN.JK/history?range=1m:0
[  370520ms] [ERROR] Failed to load resource: the server responded with a status of 400 () @ https://teknikal.id/api/stocks/SIDO.JK/history?range=1m:0
[  370716ms] [ERROR] Failed to load resource: the server responded with a status of 400 () @ https://teknikal.id/api/stocks/JPFA.JK/history?range=1m:0
[  370932ms] [ERROR] Failed to load resource: the server responded with a status of 400 () @ https://teknikal.id/api/stocks/TOWR.JK/history?range=1m:0
[  371737ms] [ERROR] Failed to load resource: the server responded with a status of 400 () @ https://teknikal.id/api/stocks/BRIS.JK/history?range=1m:0
[  371743ms] [ERROR] Failed to load resource: the server responded with a status of 400 () @ https://teknikal.id/api/stocks/PGEO.JK/history?range=1m:0
[  371753ms] [ERROR] Failed to load resource: the server responded with a status of 400 () @ https://teknikal.id/api/stocks/KLBF.JK/history?range=1m:0
[  371754ms] [ERROR] Failed to load resource: the server responded with a status of 400 () @ https://teknikal.id/api/stocks/UNTR.JK/history?range=1m:0
[  371802ms] [ERROR] Failed to load resource: the server responded with a status of 400 () @ https://teknikal.id/api/stocks/ISAT.JK/history?range=1m:0
[  371814ms] [ERROR] Failed to load resource: the server responded with a status of 400 () @ https://teknikal.id/api/stocks/AMMN.JK/history?range=1m:0
[  371963ms] [ERROR] Failed to load resource: the server responded with a status of 400 () @ https://teknikal.id/api/stocks/PGAS.JK/history?range=1m:0
[  372028ms] [ERROR] Failed to load resource: the server responded with a status of 400 () @ https://teknikal.id/api/stocks/JPFA.JK/history?range=1m:0
[  372057ms] [ERROR] Failed to load resource: the server responded with a status of 400 () @ https://teknikal.id/api/stocks/SIDO.JK/history?range=1m:0
[  372244ms] [ERROR] Failed to load resource: the server responded with a status of 400 () @ https://teknikal.id/api/stocks/TOWR.JK/history?range=1m:0
