[      52ms] [VERBOSE] [DOM] Input elements should have autocomplete attributes (suggested: "username"): (More info: https://goo.gl/9p2vKq) %o @ http://localhost:8000/register:0
[      56ms] [ERROR] WebSocket connection to 'ws://localhost:8000/live/websocket?_csrf_token=UTplLz1VJzZfEiMDHCAUGyw2BxNABygX4HPhXdqShSf5Mr__dOEKsvmr&vsn=2.0.0' failed: Error during WebSocket handshake: Unexpected response code: 403 @ http://localhost:8000/js/app-a342158928e9418a59d12c953b7c686d.js?vsn=d:5
[      73ms] [ERROR] WebSocket connection to 'ws://localhost:8000/live/websocket?_csrf_token=UTplLz1VJzZfEiMDHCAUGyw2BxNABygX4HPhXdqShSf5Mr__dOEKsvmr&vsn=2.0.0' failed: Error during WebSocket handshake: Unexpected response code: 403 @ http://localhost:8000/js/app-a342158928e9418a59d12c953b7c686d.js?vsn=d:5
[     128ms] [ERROR] WebSocket connection to 'ws://localhost:8000/live/websocket?_csrf_token=UTplLz1VJzZfEiMDHCAUGyw2BxNABygX4HPhXdqShSf5Mr__dOEKsvmr&vsn=2.0.0' failed: Error during WebSocket handshake: Unexpected response code: 403 @ http://localhost:8000/js/app-a342158928e9418a59d12c953b7c686d.js?vsn=d:5
[     232ms] [ERROR] WebSocket connection to 'ws://localhost:8000/live/websocket?_csrf_token=UTplLz1VJzZfEiMDHCAUGyw2BxNABygX4HPhXdqShSf5Mr__dOEKsvmr&vsn=2.0.0' failed: Error during WebSocket handshake: Unexpected response code: 403 @ http://localhost:8000/js/app-a342158928e9418a59d12c953b7c686d.js?vsn=d:5
[     388ms] [ERROR] WebSocket connection to 'ws://localhost:8000/live/websocket?_csrf_token=UTplLz1VJzZfEiMDHCAUGyw2BxNABygX4HPhXdqShSf5Mr__dOEKsvmr&vsn=2.0.0' failed: Error during WebSocket handshake: Unexpected response code: 403 @ http://localhost:8000/js/app-a342158928e9418a59d12c953b7c686d.js?vsn=d:5
[     595ms] [ERROR] WebSocket connection to 'ws://localhost:8000/live/websocket?_csrf_token=UTplLz1VJzZfEiMDHCAUGyw2BxNABygX4HPhXdqShSf5Mr__dOEKsvmr&vsn=2.0.0' failed: Error during WebSocket handshake: Unexpected response code: 403 @ http://localhost:8000/js/app-a342158928e9418a59d12c953b7c686d.js?vsn=d:5
[     864ms] [ERROR] WebSocket connection to 'ws://localhost:8000/live/websocket?_csrf_token=UTplLz1VJzZfEiMDHCAUGyw2BxNABygX4HPhXdqShSf5Mr__dOEKsvmr&vsn=2.0.0' failed: Error during WebSocket handshake: Unexpected response code: 403 @ http://localhost:8000/js/app-a342158928e9418a59d12c953b7c686d.js?vsn=d:5
[    1390ms] [ERROR] WebSocket connection to 'ws://localhost:8000/live/websocket?_csrf_token=UTplLz1VJzZfEiMDHCAUGyw2BxNABygX4HPhXdqShSf5Mr__dOEKsvmr&vsn=2.0.0' failed: Error during WebSocket handshake: Unexpected response code: 403 @ http://localhost:8000/js/app-a342158928e9418a59d12c953b7c686d.js?vsn=d:5
[    2423ms] [ERROR] WebSocket connection to 'ws://localhost:8000/live/websocket?_csrf_token=UTplLz1VJzZfEiMDHCAUGyw2BxNABygX4HPhXdqShSf5Mr__dOEKsvmr&vsn=2.0.0' failed: Error during WebSocket handshake: Unexpected response code: 403 @ http://localhost:8000/js/app-a342158928e9418a59d12c953b7c686d.js?vsn=d:5
[    4475ms] [ERROR] WebSocket connection to 'ws://localhost:8000/live/websocket?_csrf_token=UTplLz1VJzZfEiMDHCAUGyw2BxNABygX4HPhXdqShSf5Mr__dOEKsvmr&vsn=2.0.0' failed: Error during WebSocket handshake: Unexpected response code: 403 @ http://localhost:8000/js/app-a342158928e9418a59d12c953b7c686d.js?vsn=d:5
[    9588ms] [ERROR] WebSocket connection to 'ws://localhost:8000/live/websocket?_csrf_token=UTplLz1VJzZfEiMDHCAUGyw2BxNABygX4HPhXdqShSf5Mr__dOEKsvmr&vsn=2.0.0' failed: Error during WebSocket handshake: Unexpected response code: 403 @ http://localhost:8000/js/app-a342158928e9418a59d12c953b7c686d.js?vsn=d:5
[   14856ms] [ERROR] WebSocket connection to 'ws://localhost:8000/live/websocket?_csrf_token=UTplLz1VJzZfEiMDHCAUGyw2BxNABygX4HPhXdqShSf5Mr__dOEKsvmr&vsn=2.0.0' failed: Error during WebSocket handshake: Unexpected response code: 403 @ http://localhost:8000/js/app-a342158928e9418a59d12c953b7c686d.js?vsn=d:5
[   20157ms] [ERROR] WebSocket connection to 'ws://localhost:8000/live/websocket?_csrf_token=UTplLz1VJzZfEiMDHCAUGyw2BxNABygX4HPhXdqShSf5Mr__dOEKsvmr&vsn=2.0.0' failed: Error during WebSocket handshake: Unexpected response code: 403 @ http://localhost:8000/js/app-a342158928e9418a59d12c953b7c686d.js?vsn=d:5
[   25858ms] [ERROR] WebSocket connection to 'ws://localhost:8000/live/websocket?_csrf_token=UTplLz1VJzZfEiMDHCAUGyw2BxNABygX4HPhXdqShSf5Mr__dOEKsvmr&vsn=2.0.0' failed: Error during WebSocket handshake: Unexpected response code: 403 @ http://localhost:8000/js/app-a342158928e9418a59d12c953b7c686d.js?vsn=d:5
[   31820ms] [ERROR] WebSocket connection to 'ws://localhost:8000/live/websocket?_csrf_token=UTplLz1VJzZfEiMDHCAUGyw2BxNABygX4HPhXdqShSf5Mr__dOEKsvmr&vsn=2.0.0' failed: Error during WebSocket handshake: Unexpected response code: 403 @ http://localhost:8000/js/app-a342158928e9418a59d12c953b7c686d.js?vsn=d:5
[   39362ms] [ERROR] WebSocket connection to 'ws://localhost:8000/live/websocket?_csrf_token=UTplLz1VJzZfEiMDHCAUGyw2BxNABygX4HPhXdqShSf5Mr__dOEKsvmr&vsn=2.0.0' failed: Error during WebSocket handshake: Unexpected response code: 403 @ http://localhost:8000/js/app-a342158928e9418a59d12c953b7c686d.js?vsn=d:5
[   44037ms] [VERBOSE] [DOM] Input elements should have autocomplete attributes (suggested: "username"): (More info: https://goo.gl/9p2vKq) %o @ http://localhost:8000/register:0
[   46489ms] [ERROR] WebSocket connection to 'ws://localhost:8000/live/websocket?_csrf_token=PwtdBA9DEwlBdiJbBDYeIT4JJBp8Kz0KZyhCjrElv7gmUdUevpfBOZxo&vsn=2.0.0' failed: Error during WebSocket handshake: Unexpected response code: 403 @ http://localhost:8000/js/app-a342158928e9418a59d12c953b7c686d.js?vsn=d:5
[   47890ms] [ERROR] WebSocket connection to 'ws://localhost:8000/live/websocket?_csrf_token=PwtdBA9DEwlBdiJbBDYeIT4JJBp8Kz0KZyhCjrElv7gmUdUevpfBOZxo&vsn=2.0.0' failed: Error during WebSocket handshake: Unexpected response code: 403 @ http://localhost:8000/js/app-a342158928e9418a59d12c953b7c686d.js?vsn=d:5
[   50675ms] [ERROR] WebSocket connection to 'ws://localhost:8000/live/websocket?_csrf_token=PwtdBA9DEwlBdiJbBDYeIT4JJBp8Kz0KZyhCjrElv7gmUdUevpfBOZxo&vsn=2.0.0' failed: Error during WebSocket handshake: Unexpected response code: 403 @ http://localhost:8000/js/app-a342158928e9418a59d12c953b7c686d.js?vsn=d:5
[   54264ms] [ERROR] WebSocket connection to 'ws://localhost:8000/live/websocket?_csrf_token=PwtdBA9DEwlBdiJbBDYeIT4JJBp8Kz0KZyhCjrElv7gmUdUevpfBOZxo&vsn=2.0.0' failed: Error during WebSocket handshake: Unexpected response code: 403 @ http://localhost:8000/js/app-a342158928e9418a59d12c953b7c686d.js?vsn=d:5
[   58179ms] [ERROR] WebSocket connection to 'ws://localhost:8000/live/websocket?_csrf_token=PwtdBA9DEwlBdiJbBDYeIT4JJBp8Kz0KZyhCjrElv7gmUdUevpfBOZxo&vsn=2.0.0' failed: Error during WebSocket handshake: Unexpected response code: 403 @ http://localhost:8000/js/app-a342158928e9418a59d12c953b7c686d.js?vsn=d:5
[   63082ms] [ERROR] WebSocket connection to 'ws://localhost:8000/live/websocket?_csrf_token=PwtdBA9DEwlBdiJbBDYeIT4JJBp8Kz0KZyhCjrElv7gmUdUevpfBOZxo&vsn=2.0.0' failed: Error during WebSocket handshake: Unexpected response code: 403 @ http://localhost:8000/js/app-a342158928e9418a59d12c953b7c686d.js?vsn=d:5
[   64580ms] [ERROR] WebSocket connection to 'ws://localhost:8000/live/websocket?_csrf_token=PwtdBA9DEwlBdiJbBDYeIT4JJBp8Kz0KZyhCjrElv7gmUdUevpfBOZxo&vsn=2.0.0' failed: Error during WebSocket handshake: Unexpected response code: 403 @ http://localhost:8000/js/app-a342158928e9418a59d12c953b7c686d.js?vsn=d:5
[   67693ms] [ERROR] WebSocket connection to 'ws://localhost:8000/live/websocket?_csrf_token=PwtdBA9DEwlBdiJbBDYeIT4JJBp8Kz0KZyhCjrElv7gmUdUevpfBOZxo&vsn=2.0.0' failed: Error during WebSocket handshake: Unexpected response code: 403 @ http://localhost:8000/js/app-a342158928e9418a59d12c953b7c686d.js?vsn=d:5
[   73588ms] [ERROR] WebSocket connection to 'ws://localhost:8000/live/websocket?_csrf_token=PwtdBA9DEwlBdiJbBDYeIT4JJBp8Kz0KZyhCjrElv7gmUdUevpfBOZxo&vsn=2.0.0' failed: Error during WebSocket handshake: Unexpected response code: 403 @ http://localhost:8000/js/app-a342158928e9418a59d12c953b7c686d.js?vsn=d:5
[   80548ms] [ERROR] WebSocket connection to 'ws://localhost:8000/live/websocket?_csrf_token=PwtdBA9DEwlBdiJbBDYeIT4JJBp8Kz0KZyhCjrElv7gmUdUevpfBOZxo&vsn=2.0.0' failed: Error during WebSocket handshake: Unexpected response code: 403 @ http://localhost:8000/js/app-a342158928e9418a59d12c953b7c686d.js?vsn=d:5
[   88597ms] [ERROR] WebSocket connection to 'ws://localhost:8000/live/websocket?_csrf_token=PwtdBA9DEwlBdiJbBDYeIT4JJBp8Kz0KZyhCjrElv7gmUdUevpfBOZxo&vsn=2.0.0' failed: Error during WebSocket handshake: Unexpected response code: 403 @ http://localhost:8000/js/app-a342158928e9418a59d12c953b7c686d.js?vsn=d:5
[   95437ms] [ERROR] WebSocket connection to 'ws://localhost:8000/live/websocket?_csrf_token=PwtdBA9DEwlBdiJbBDYeIT4JJBp8Kz0KZyhCjrElv7gmUdUevpfBOZxo&vsn=2.0.0' failed: Error during WebSocket handshake: Unexpected response code: 403 @ http://localhost:8000/js/app-a342158928e9418a59d12c953b7c686d.js?vsn=d:5
[  104433ms] [ERROR] WebSocket connection to 'ws://localhost:8000/live/websocket?_csrf_token=PwtdBA9DEwlBdiJbBDYeIT4JJBp8Kz0KZyhCjrElv7gmUdUevpfBOZxo&vsn=2.0.0' failed: Error during WebSocket handshake: Unexpected response code: 403 @ http://localhost:8000/js/app-a342158928e9418a59d12c953b7c686d.js?vsn=d:5
